#
# A fatal error has been detected by the Java Runtime Environment:
#
#  SIGSEGV (0xb) at pc=0x000000010a91c181, pid=1773, tid=39939
#
# JRE version: OpenJDK Runtime Environment Zulu15.40+19-CA (15.0.7+4) (build 15.0.7+4-MTS)
# Java VM: OpenJDK 64-Bit Server VM Zulu15.40+19-CA (15.0.7+4-MTS, mixed mode, sharing, tiered, compressed oops, g1 gc, bsd-amd64)
# Problematic frame:
# V  [libjvm.dylib+0x71c181]  PhaseIdealLoop::build_loop_late(VectorSet&, Node_List&, Node_Stack&)+0x101
#
# No core dump will be written. Core dumps have been disabled. To enable core dumping, try "ulimit -c unlimited" before starting Java again
#
# If you would like to submit a bug report, please visit:
#   http://www.azul.com/support/
#

---------------  S U M M A R Y ------------

Command Line: -Dorg.gradle.native=false -Xmx512m -Dfile.encoding=UTF-8 -Duser.country=KR -Duser.language=ko -Duser.variant -ea worker.org.gradle.process.internal.worker.GradleWorkerMain 'Gradle Test Executor 11'

Host: MacBookPro16,1 x86_64 2600 MHz, 12 cores, 16G, Darwin 19.6.0
Time: Tue May 17 20:54:46 2022 KST elapsed time: 0.630251 seconds (0d 0h 0m 0s)

---------------  T H R E A D  ---------------

Current thread (0x00007fecee029600):  JavaThread "C2 CompilerThread0" daemon [_thread_in_native, id=39939, stack(0x000070000757e000,0x000070000767e000)]


Current CompileTask:
C2:    630 1355       4       jdk.internal.org.objectweb.asm.Frame::execute (2305 bytes)

Stack: [0x000070000757e000,0x000070000767e000],  sp=0x000070000767a170,  free space=1008k
Native frames: (J=compiled Java code, A=aot compiled Java code, j=interpreted, Vv=VM code, C=native code)
V  [libjvm.dylib+0x71c181]  PhaseIdealLoop::build_loop_late(VectorSet&, Node_List&, Node_Stack&)+0x101
V  [libjvm.dylib+0x71ad27]  PhaseIdealLoop::build_and_optimize(LoopOptsMode)+0x877
V  [libjvm.dylib+0x2d0938]  Compile::optimize_loops(PhaseIterGVN&, LoopOptsMode)+0xd8
V  [libjvm.dylib+0x2ccbc6]  Compile::Optimize()+0x1866
V  [libjvm.dylib+0x2c9c22]  Compile::Compile(ciEnv*, ciMethod*, int, bool, bool, bool, DirectiveSet*)+0xde2
V  [libjvm.dylib+0x234667]  C2Compiler::compile_method(ciEnv*, ciMethod*, int, DirectiveSet*)+0xb7
V  [libjvm.dylib+0x2ddc9e]  CompileBroker::invoke_compiler_on_method(CompileTask*)+0x83e
V  [libjvm.dylib+0x2dd332]  CompileBroker::compiler_thread_loop()+0x4c2
V  [libjvm.dylib+0xa27082]  JavaThread::thread_main_inner()+0xb2
V  [libjvm.dylib+0xa241a1]  Thread::call_run()+0x71
V  [libjvm.dylib+0x846c17]  thread_native_entry(Thread*)+0x187
C  [libsystem_pthread.dylib+0x6109]  _pthread_start+0x94
C  [libsystem_pthread.dylib+0x1b8b]  thread_start+0xf


siginfo: si_signo: 11 (SIGSEGV), si_code: 1 (SEGV_MAPERR), si_addr: 0x0000000000000028

Register to memory mapping:

RAX=0x00007fecee2a0210 points into unknown readable memory: 0x00007fecee2a01c8 | c8 01 2a ee ec 7f 00 00
RBX=0x000070000767a4a8 is pointing into the stack for thread: 0x00007fecee029600
RCX=0x00007fecf1d70030 points into unknown readable memory: 0x00007fecee2a0108 | 08 01 2a ee ec 7f 00 00
RDX=0x00007fecf1db5010 points into unknown readable memory: 0x00007fecf21be010 | 10 e0 1b f2 ec 7f 00 00
RSP=0x000070000767a170 is pointing into the stack for thread: 0x00007fecee029600
RBP=0x000070000767a1d0 is pointing into the stack for thread: 0x00007fecee029600
RSI=0x00007fecf00ff070 points into unknown readable memory: 0x000000010ae2c8e0 | e0 c8 e2 0a 01 00 00 00
RDI=0x00007fecefa2b6e8 points into unknown readable memory: 0x000000010ae50850 | 50 08 e5 0a 01 00 00 00
R8 =0x00007fecf1db5010 points into unknown readable memory: 0x00007fecf21be010 | 10 e0 1b f2 ec 7f 00 00
R9 =0x0000000000000ddd is an unknown value
R10=0x00007fecf00ff071 points into unknown readable memory: c8 e2 0a 01 00 00 00
R11=0x00007fecee2a0298 points into unknown readable memory: 0x00007fecee2a02a0 | a0 02 2a ee ec 7f 00 00
R12=0x000070000767a580 is pointing into the stack for thread: 0x00007fecee029600
R13=0x0000000000000001 is an unknown value
R14=0x0 is NULL
R15=0x00007fecee2a0178 points into unknown readable memory: 0x000000010ae341d8 | d8 41 e3 0a 01 00 00 00


Registers:
RAX=0x00007fecee2a0210, RBX=0x000070000767a4a8, RCX=0x00007fecf1d70030, RDX=0x00007fecf1db5010
RSP=0x000070000767a170, RBP=0x000070000767a1d0, RSI=0x00007fecf00ff070, RDI=0x00007fecefa2b6e8
R8 =0x00007fecf1db5010, R9 =0x0000000000000ddd, R10=0x00007fecf00ff071, R11=0x00007fecee2a0298
R12=0x000070000767a580, R13=0x0000000000000001, R14=0x0000000000000000, R15=0x00007fecee2a0178
RIP=0x000000010a91c181, EFLAGS=0x0000000000010287, ERR=0x0000000000000004
  TRAPNO=0x000000000000000e

Top of Stack: (sp=0x000070000767a170)
0x000070000767a170:   0000000000020000 000070000767af38
0x000070000767a180:   00007fecee2a0178 000070000767a500
0x000070000767a190:   000070000767a4a8 000070000767a4d0
0x000070000767a1a0:   000400010767a1d0 0000000000000001
0x000070000767a1b0:   000070000767a590 00007feced519500
0x000070000767a1c0:   000070000767a580 00007feced5195a8
0x000070000767a1d0:   000070000767a570 000000010a91ad27
0x000070000767a1e0:   00007feced517ae0 0000000000000004
0x000070000767a1f0:   00007fecee0d4e10 0000000100000000
0x000070000767a200:   00007fecee075a18 00007fecf00cf710
0x000070000767a210:   00007fecee0765b0 00007fecee076930
0x000070000767a220:   00007fecee0e2170 000070000767b060
0x000070000767a230:   000000010ae2fc88 00007fecf00cf710
0x000070000767a240:   00007fecee0e2228 00007fecee075a18
0x000070000767a250:   00007fecee075a18 00007fecee075af8
0x000070000767a260:   00007fecee0e2228 000000010ae5ee78
0x000070000767a270:   00007fecee0e5058 01007fecf00cf670
0x000070000767a280:   00007fecee076e30 00007fecee076e30
0x000070000767a290:   00007fecee076e30 00007fecee076e30
0x000070000767a2a0:   00007fecee076da8 000000010aa215ed
0x000070000767a2b0:   000000000000315c 00007fecee197258
0x000070000767a2c0:   000070000767ba90 00007feced519501
0x000070000767a2d0:   00007fecee0775e0 000000010a90b13d
0x000070000767a2e0:   000070000767a300 000000010a9006fd
0x000070000767a2f0:   000070000767a310 000000010aa0eb90
0x000070000767a300:   000070000767a330 000000010ac4a5f7
0x000070000767a310:   00007fecee0596f8 00007fecee1321c8
0x000070000767a320:   000070000767a350 000000010aa2679a
0x000070000767a330:   000000010ae2c678 0000000000021000
0x000070000767a340:   000000000767d268 0000000000000000
0x000070000767a350:   0000000000000000 0000000000000000
0x000070000767a360:   0000000000000003 0000000000020010 

Instructions: (pc=0x000000010a91c181)
0x000000010a91c081:   48 89 e5 41 57 41 56 41 55 41 54 53 48 83 ec 38
0x000000010a91c091:   48 89 75 c8 8b 42 18 85 c0 0f 84 7f 02 00 00 48
0x000000010a91c0a1:   89 cb 49 89 fc 48 8d 8f b8 09 00 00 48 89 4d a8
0x000000010a91c0b1:   48 89 5d c0 48 89 55 b8 0f 1f 80 00 00 00 00 48
0x000000010a91c0c1:   8b 4a 10 ff c8 89 42 18 48 8b 04 c1 49 89 c5 44
0x000000010a91c0d1:   8b 78 28 4d 89 fe 49 c1 ee 05 48 8b 7d c8 44 3b
0x000000010a91c0e1:   37 72 0c 44 89 f6 e8 84 dc 34 00 48 8b 7d c8 48
0x000000010a91c0f1:   8b 47 08 42 8b 0c b0 89 ca 44 0f ab fa 42 89 14
0x000000010a91c101:   b0 44 0f a3 f9 0f 82 04 02 00 00 4d 89 ef 41 8b
0x000000010a91c111:   45 20 89 45 d4 31 c0 41 89 c5 4c 89 7d b0 44 3b
0x000000010a91c121:   6d d4 72 54 e9 71 01 00 00 66 0f 1f 44 00 00 4c
0x000000010a91c131:   8b 39 41 8b 47 20 89 45 d4 8b 41 08 48 83 c1 f0
0x000000010a91c141:   48 89 0b 41 89 c5 4c 89 7d b0 44 3b 6d d4 72 28
0x000000010a91c151:   e9 45 01 00 00 66 2e 0f 1f 84 00 00 00 00 00 49
0x000000010a91c161:   8b 84 24 c8 09 00 00 4c 89 34 d8 49 ff c5 44 3b
0x000000010a91c171:   6d d4 0f 83 22 01 00 00 49 8b 47 10 4e 8b 34 e8
0x000000010a91c181:   41 8b 5e 28 41 39 5c 24 28 76 0c 49 8b 44 24 30
0x000000010a91c191:   48 83 3c d8 00 75 38 49 83 7e 10 00 74 31 41 8b
0x000000010a91c1a1:   84 24 c0 09 00 00 41 8b 9c 24 d0 09 00 00 8d 4b
0x000000010a91c1b1:   01 41 89 8c 24 d0 09 00 00 39 d8 77 a2 48 8b 7d
0x000000010a91c1c1:   a8 89 de e8 77 9a 10 00 eb 95 0f 1f 44 00 00 49
0x000000010a91c1d1:   8b 46 08 48 83 38 00 74 7d 49 8b 06 4c 89 f7 ff
0x000000010a91c1e1:   50 10 84 c0 75 0c 41 8b 46 2c 83 e0 0f 83 f8 0c
0x000000010a91c1f1:   75 60 41 8b 46 28 48 89 c1 48 c1 e9 05 48 8b 55
0x000000010a91c201:   c8 3b 0a 73 10 48 8b 55 c8 48 8b 52 08 8b 0c 8a
0x000000010a91c211:   0f a3 c1 72 78 48 8b 5d b8 8b 43 08 44 8b 7b 18
0x000000010a91c221:   41 8d 4f 01 89 4b 18 44 39 f8 77 0b 48 89 df 44
0x000000010a91c231:   89 fe e8 08 9a 10 00 48 8b 43 10 4e 89 34 f8 4c
0x000000010a91c241:   8b 7d b0 49 ff c5 44 3b 6d d4 0f 82 28 ff ff ff
0x000000010a91c251:   eb 48 41 8b 5e 28 41 89 df 41 c1 ef 05 48 8b 7d
0x000000010a91c261:   c8 44 3b 3f 72 0c 44 89 fe e8 01 db 34 00 48 8b
0x000000010a91c271:   7d c8 48 8b 47 08 44 89 f9 8b 14 88 89 d6 0f ab 


Stack slot to memory mapping:
stack at sp + 0 slots: 0x0000000000020000 is an unknown value
stack at sp + 1 slots: 0x000070000767af38 is pointing into the stack for thread: 0x00007fecee029600
stack at sp + 2 slots: 0x00007fecee2a0178 points into unknown readable memory: 0x000000010ae341d8 | d8 41 e3 0a 01 00 00 00
stack at sp + 3 slots: 0x000070000767a500 is pointing into the stack for thread: 0x00007fecee029600
stack at sp + 4 slots: 0x000070000767a4a8 is pointing into the stack for thread: 0x00007fecee029600
stack at sp + 5 slots: 0x000070000767a4d0 is pointing into the stack for thread: 0x00007fecee029600
stack at sp + 6 slots: 0x000400010767a1d0 is an unknown value
stack at sp + 7 slots: 0x0000000000000001 is an unknown value


---------------  P R O C E S S  ---------------

Threads class SMR info:
_java_thread_list=0x00007fecee8862a0, length=13, elements={
0x00007fecef020800, 0x00007fecf2008200, 0x00007fecf200aa00, 0x00007fecee026000,
0x00007fecee029000, 0x00007fecee029600, 0x00007fecef00b400, 0x00007fecf200ea00,
0x00007fecef014400, 0x00007fecf007ec00, 0x00007fecef126800, 0x00007fecef020e00,
0x00007fecef125400
}

Java Threads: ( => current thread )
  0x00007fecef020800 JavaThread "main" [_thread_blocked, id=5891, stack(0x0000700006957000,0x0000700006a57000)]
  0x00007fecf2008200 JavaThread "Reference Handler" daemon [_thread_blocked, id=17667, stack(0x000070000706c000,0x000070000716c000)]
  0x00007fecf200aa00 JavaThread "Finalizer" daemon [_thread_blocked, id=17155, stack(0x000070000716f000,0x000070000726f000)]
  0x00007fecee026000 JavaThread "Signal Dispatcher" daemon [_thread_blocked, id=22019, stack(0x0000700007378000,0x0000700007478000)]
  0x00007fecee029000 JavaThread "Service Thread" daemon [_thread_blocked, id=40963, stack(0x000070000747b000,0x000070000757b000)]
=>0x00007fecee029600 JavaThread "C2 CompilerThread0" daemon [_thread_in_native, id=39939, stack(0x000070000757e000,0x000070000767e000)]
  0x00007fecef00b400 JavaThread "C1 CompilerThread0" daemon [_thread_blocked, id=23043, stack(0x0000700007681000,0x0000700007781000)]
  0x00007fecf200ea00 JavaThread "Sweeper thread" daemon [_thread_blocked, id=39427, stack(0x0000700007784000,0x0000700007884000)]
  0x00007fecef014400 JavaThread "Notification Thread" daemon [_thread_blocked, id=38659, stack(0x0000700007887000,0x0000700007987000)]
  0x00007fecf007ec00 JavaThread "Common-Cleaner" daemon [_thread_blocked, id=25091, stack(0x0000700007a8d000,0x0000700007b8d000)]
  0x00007fecef126800 JavaThread "Test worker" [_thread_in_native, id=38147, stack(0x0000700007b90000,0x0000700007c90000)]
  0x00007fecef020e00 JavaThread "/127.0.0.1:50132 to /127.0.0.1:50131 workers Thread 2" [_thread_blocked, id=37635, stack(0x0000700007c93000,0x0000700007d93000)]
  0x00007fecef125400 JavaThread "/127.0.0.1:50132 to /127.0.0.1:50131 workers Thread 3" [_thread_in_native, id=36867, stack(0x0000700007d96000,0x0000700007e96000)]

Other Threads:
  0x00007feceea3f740 VMThread "VM Thread" [stack: 0x0000700006f69000,0x0000700007069000] [id=14083]
  0x00007feceed13160 WatcherThread [stack: 0x000070000798a000,0x0000700007a8a000] [id=24323]
  0x00007feceea0da60 GCTaskThread "GC Thread#0" [stack: 0x0000700006a5a000,0x0000700006b5a000] [id=19715]
  0x00007feced436a50 GCTaskThread "GC Thread#1" [stack: 0x0000700007e99000,0x0000700007f99000] [id=26883]
  0x00007feceea5fb60 GCTaskThread "GC Thread#2" [stack: 0x0000700007f9c000,0x000070000809c000] [id=27395]
  0x00007feceea60760 GCTaskThread "GC Thread#3" [stack: 0x000070000809f000,0x000070000819f000] [id=27651]
  0x00007feced5b1fa0 GCTaskThread "GC Thread#4" [stack: 0x00007000081a2000,0x00007000082a2000] [id=36099]
  0x00007feced5b2dc0 GCTaskThread "GC Thread#5" [stack: 0x00007000082a5000,0x00007000083a5000] [id=28163]
  0x00007feced5b3de0 GCTaskThread "GC Thread#6" [stack: 0x00007000083a8000,0x00007000084a8000] [id=35587]
  0x00007feced5b4e00 GCTaskThread "GC Thread#7" [stack: 0x00007000084ab000,0x00007000085ab000] [id=35331]
  0x00007feceea0ec40 ConcurrentGCThread "G1 Main Marker" [stack: 0x0000700006b5d000,0x0000700006c5d000] [id=19203]
  0x00007feceed04180 ConcurrentGCThread "G1 Conc#0" [stack: 0x0000700006c60000,0x0000700006d60000] [id=18691]
  0x00007feceea3ac10 ConcurrentGCThread "G1 Refine#0" [stack: 0x0000700006d63000,0x0000700006e63000] [id=13315]
  0x00007feceea3bcc0 ConcurrentGCThread "G1 Young RemSet Sampling" [stack: 0x0000700006e66000,0x0000700006f66000] [id=18179]

Threads with active compile tasks:
C2 CompilerThread0      637 1355       4       jdk.internal.org.objectweb.asm.Frame::execute (2305 bytes)

VM state: not at safepoint (normal execution)

VM Mutex/Monitor currently owned by a thread:  ([mutex/lock_event])
[0x00007fecee80cf70] SystemDictionary_lock - owner thread: 0x0000000000000000

Heap address: 0x00000007e0000000, size: 512 MB, Compressed Oops mode: Zero based, Oop shift amount: 3
CDS archive(s) mapped at: [0x0000000800000000-0x0000000800b30000-0x0000000800b30000), size 11730944, SharedBaseAddress: 0x0000000800000000, ArchiveRelocationMode: 0.
Compressed class space mapped at: 0x0000000800b30000-0x0000000840b30000, size: 1073741824
Narrow klass base: 0x0000000800000000, Narrow klass shift: 3, Narrow klass range: 0x100000000

GC Precious Log:
 CPUs: 12 total, 12 available
 Memory: 16384M
 Large Page Support: Disabled
 NUMA Support: Disabled
 Compressed Oops: Enabled (Zero based)
 Heap Region Size: 1M
 Heap Min Capacity: 8M
 Heap Initial Capacity: 256M
 Heap Max Capacity: 512M
 Pre-touch: Disabled
 Parallel Workers: 10
 Concurrent Workers: 3
 Concurrent Refinement Workers: 10
 Periodic GC: Disabled

Heap:
 garbage-first heap   total 264192K, used 26273K [0x00000007e0000000, 0x0000000800000000)
  region size 1024K, 23 young (23552K), 3 survivors (3072K)
 Metaspace       used 10539K, capacity 11271K, committed 11392K, reserved 1058816K
  class space    used 1574K, capacity 1657K, committed 1664K, reserved 1048576K

Heap Regions: E=young(eden), S=young(survivor), O=old, HS=humongous(starts), HC=humongous(continues), CS=collection set, F=free, OA=open archive, CA=closed archive, TAMS=top-at-mark-start (previous, next)
|   0|0x00000007e0000000, 0x00000007e0100000, 0x00000007e0100000|100%|HS|  |TAMS 0x00000007e0000000, 0x00000007e0000000| Complete 
|   1|0x00000007e0100000, 0x00000007e0200000, 0x00000007e0200000|100%| O|  |TAMS 0x00000007e0100000, 0x00000007e0100000| Untracked 
|   2|0x00000007e0200000, 0x00000007e0300000, 0x00000007e0300000|100%| O|  |TAMS 0x00000007e0200000, 0x00000007e0200000| Untracked 
|   3|0x00000007e0300000, 0x00000007e03de600, 0x00000007e0400000| 86%| O|  |TAMS 0x00000007e0300000, 0x00000007e0300000| Untracked 
|   4|0x00000007e0400000, 0x00000007e0400000, 0x00000007e0500000|  0%| F|  |TAMS 0x00000007e0400000, 0x00000007e0400000| Untracked 
|   5|0x00000007e0500000, 0x00000007e0500000, 0x00000007e0600000|  0%| F|  |TAMS 0x00000007e0500000, 0x00000007e0500000| Untracked 
|   6|0x00000007e0600000, 0x00000007e0600000, 0x00000007e0700000|  0%| F|  |TAMS 0x00000007e0600000, 0x00000007e0600000| Untracked 
|   7|0x00000007e0700000, 0x00000007e0700000, 0x00000007e0800000|  0%| F|  |TAMS 0x00000007e0700000, 0x00000007e0700000| Untracked 
|   8|0x00000007e0800000, 0x00000007e0800000, 0x00000007e0900000|  0%| F|  |TAMS 0x00000007e0800000, 0x00000007e0800000| Untracked 
|   9|0x00000007e0900000, 0x00000007e0900000, 0x00000007e0a00000|  0%| F|  |TAMS 0x00000007e0900000, 0x00000007e0900000| Untracked 
|  10|0x00000007e0a00000, 0x00000007e0a00000, 0x00000007e0b00000|  0%| F|  |TAMS 0x00000007e0a00000, 0x00000007e0a00000| Untracked 
|  11|0x00000007e0b00000, 0x00000007e0b00000, 0x00000007e0c00000|  0%| F|  |TAMS 0x00000007e0b00000, 0x00000007e0b00000| Untracked 
|  12|0x00000007e0c00000, 0x00000007e0c00000, 0x00000007e0d00000|  0%| F|  |TAMS 0x00000007e0c00000, 0x00000007e0c00000| Untracked 
|  13|0x00000007e0d00000, 0x00000007e0d00000, 0x00000007e0e00000|  0%| F|  |TAMS 0x00000007e0d00000, 0x00000007e0d00000| Untracked 
|  14|0x00000007e0e00000, 0x00000007e0e00000, 0x00000007e0f00000|  0%| F|  |TAMS 0x00000007e0e00000, 0x00000007e0e00000| Untracked 
|  15|0x00000007e0f00000, 0x00000007e0f00000, 0x00000007e1000000|  0%| F|  |TAMS 0x00000007e0f00000, 0x00000007e0f00000| Untracked 
|  16|0x00000007e1000000, 0x00000007e1000000, 0x00000007e1100000|  0%| F|  |TAMS 0x00000007e1000000, 0x00000007e1000000| Untracked 
|  17|0x00000007e1100000, 0x00000007e1100000, 0x00000007e1200000|  0%| F|  |TAMS 0x00000007e1100000, 0x00000007e1100000| Untracked 
|  18|0x00000007e1200000, 0x00000007e1200000, 0x00000007e1300000|  0%| F|  |TAMS 0x00000007e1200000, 0x00000007e1200000| Untracked 
|  19|0x00000007e1300000, 0x00000007e1300000, 0x00000007e1400000|  0%| F|  |TAMS 0x00000007e1300000, 0x00000007e1300000| Untracked 
|  20|0x00000007e1400000, 0x00000007e1400000, 0x00000007e1500000|  0%| F|  |TAMS 0x00000007e1400000, 0x00000007e1400000| Untracked 
|  21|0x00000007e1500000, 0x00000007e1500000, 0x00000007e1600000|  0%| F|  |TAMS 0x00000007e1500000, 0x00000007e1500000| Untracked 
|  22|0x00000007e1600000, 0x00000007e1600000, 0x00000007e1700000|  0%| F|  |TAMS 0x00000007e1600000, 0x00000007e1600000| Untracked 
|  23|0x00000007e1700000, 0x00000007e1700000, 0x00000007e1800000|  0%| F|  |TAMS 0x00000007e1700000, 0x00000007e1700000| Untracked 
|  24|0x00000007e1800000, 0x00000007e1800000, 0x00000007e1900000|  0%| F|  |TAMS 0x00000007e1800000, 0x00000007e1800000| Untracked 
|  25|0x00000007e1900000, 0x00000007e1900000, 0x00000007e1a00000|  0%| F|  |TAMS 0x00000007e1900000, 0x00000007e1900000| Untracked 
|  26|0x00000007e1a00000, 0x00000007e1a00000, 0x00000007e1b00000|  0%| F|  |TAMS 0x00000007e1a00000, 0x00000007e1a00000| Untracked 
|  27|0x00000007e1b00000, 0x00000007e1b00000, 0x00000007e1c00000|  0%| F|  |TAMS 0x00000007e1b00000, 0x00000007e1b00000| Untracked 
|  28|0x00000007e1c00000, 0x00000007e1c00000, 0x00000007e1d00000|  0%| F|  |TAMS 0x00000007e1c00000, 0x00000007e1c00000| Untracked 
|  29|0x00000007e1d00000, 0x00000007e1d00000, 0x00000007e1e00000|  0%| F|  |TAMS 0x00000007e1d00000, 0x00000007e1d00000| Untracked 
|  30|0x00000007e1e00000, 0x00000007e1e00000, 0x00000007e1f00000|  0%| F|  |TAMS 0x00000007e1e00000, 0x00000007e1e00000| Untracked 
|  31|0x00000007e1f00000, 0x00000007e1f00000, 0x00000007e2000000|  0%| F|  |TAMS 0x00000007e1f00000, 0x00000007e1f00000| Untracked 
|  32|0x00000007e2000000, 0x00000007e2000000, 0x00000007e2100000|  0%| F|  |TAMS 0x00000007e2000000, 0x00000007e2000000| Untracked 
|  33|0x00000007e2100000, 0x00000007e2100000, 0x00000007e2200000|  0%| F|  |TAMS 0x00000007e2100000, 0x00000007e2100000| Untracked 
|  34|0x00000007e2200000, 0x00000007e2200000, 0x00000007e2300000|  0%| F|  |TAMS 0x00000007e2200000, 0x00000007e2200000| Untracked 
|  35|0x00000007e2300000, 0x00000007e2300000, 0x00000007e2400000|  0%| F|  |TAMS 0x00000007e2300000, 0x00000007e2300000| Untracked 
|  36|0x00000007e2400000, 0x00000007e2400000, 0x00000007e2500000|  0%| F|  |TAMS 0x00000007e2400000, 0x00000007e2400000| Untracked 
|  37|0x00000007e2500000, 0x00000007e2500000, 0x00000007e2600000|  0%| F|  |TAMS 0x00000007e2500000, 0x00000007e2500000| Untracked 
|  38|0x00000007e2600000, 0x00000007e2600000, 0x00000007e2700000|  0%| F|  |TAMS 0x00000007e2600000, 0x00000007e2600000| Untracked 
|  39|0x00000007e2700000, 0x00000007e2700000, 0x00000007e2800000|  0%| F|  |TAMS 0x00000007e2700000, 0x00000007e2700000| Untracked 
|  40|0x00000007e2800000, 0x00000007e2800000, 0x00000007e2900000|  0%| F|  |TAMS 0x00000007e2800000, 0x00000007e2800000| Untracked 
|  41|0x00000007e2900000, 0x00000007e2900000, 0x00000007e2a00000|  0%| F|  |TAMS 0x00000007e2900000, 0x00000007e2900000| Untracked 
|  42|0x00000007e2a00000, 0x00000007e2a00000, 0x00000007e2b00000|  0%| F|  |TAMS 0x00000007e2a00000, 0x00000007e2a00000| Untracked 
|  43|0x00000007e2b00000, 0x00000007e2b00000, 0x00000007e2c00000|  0%| F|  |TAMS 0x00000007e2b00000, 0x00000007e2b00000| Untracked 
|  44|0x00000007e2c00000, 0x00000007e2c00000, 0x00000007e2d00000|  0%| F|  |TAMS 0x00000007e2c00000, 0x00000007e2c00000| Untracked 
|  45|0x00000007e2d00000, 0x00000007e2d00000, 0x00000007e2e00000|  0%| F|  |TAMS 0x00000007e2d00000, 0x00000007e2d00000| Untracked 
|  46|0x00000007e2e00000, 0x00000007e2e00000, 0x00000007e2f00000|  0%| F|  |TAMS 0x00000007e2e00000, 0x00000007e2e00000| Untracked 
|  47|0x00000007e2f00000, 0x00000007e2f00000, 0x00000007e3000000|  0%| F|  |TAMS 0x00000007e2f00000, 0x00000007e2f00000| Untracked 
|  48|0x00000007e3000000, 0x00000007e3000000, 0x00000007e3100000|  0%| F|  |TAMS 0x00000007e3000000, 0x00000007e3000000| Untracked 
|  49|0x00000007e3100000, 0x00000007e3100000, 0x00000007e3200000|  0%| F|  |TAMS 0x00000007e3100000, 0x00000007e3100000| Untracked 
|  50|0x00000007e3200000, 0x00000007e3200000, 0x00000007e3300000|  0%| F|  |TAMS 0x00000007e3200000, 0x00000007e3200000| Untracked 
|  51|0x00000007e3300000, 0x00000007e3300000, 0x00000007e3400000|  0%| F|  |TAMS 0x00000007e3300000, 0x00000007e3300000| Untracked 
|  52|0x00000007e3400000, 0x00000007e3400000, 0x00000007e3500000|  0%| F|  |TAMS 0x00000007e3400000, 0x00000007e3400000| Untracked 
|  53|0x00000007e3500000, 0x00000007e3500000, 0x00000007e3600000|  0%| F|  |TAMS 0x00000007e3500000, 0x00000007e3500000| Untracked 
|  54|0x00000007e3600000, 0x00000007e3600000, 0x00000007e3700000|  0%| F|  |TAMS 0x00000007e3600000, 0x00000007e3600000| Untracked 
|  55|0x00000007e3700000, 0x00000007e3700000, 0x00000007e3800000|  0%| F|  |TAMS 0x00000007e3700000, 0x00000007e3700000| Untracked 
|  56|0x00000007e3800000, 0x00000007e3800000, 0x00000007e3900000|  0%| F|  |TAMS 0x00000007e3800000, 0x00000007e3800000| Untracked 
|  57|0x00000007e3900000, 0x00000007e3900000, 0x00000007e3a00000|  0%| F|  |TAMS 0x00000007e3900000, 0x00000007e3900000| Untracked 
|  58|0x00000007e3a00000, 0x00000007e3a00000, 0x00000007e3b00000|  0%| F|  |TAMS 0x00000007e3a00000, 0x00000007e3a00000| Untracked 
|  59|0x00000007e3b00000, 0x00000007e3b00000, 0x00000007e3c00000|  0%| F|  |TAMS 0x00000007e3b00000, 0x00000007e3b00000| Untracked 
|  60|0x00000007e3c00000, 0x00000007e3c00000, 0x00000007e3d00000|  0%| F|  |TAMS 0x00000007e3c00000, 0x00000007e3c00000| Untracked 
|  61|0x00000007e3d00000, 0x00000007e3d00000, 0x00000007e3e00000|  0%| F|  |TAMS 0x00000007e3d00000, 0x00000007e3d00000| Untracked 
|  62|0x00000007e3e00000, 0x00000007e3e00000, 0x00000007e3f00000|  0%| F|  |TAMS 0x00000007e3e00000, 0x00000007e3e00000| Untracked 
|  63|0x00000007e3f00000, 0x00000007e3f00000, 0x00000007e4000000|  0%| F|  |TAMS 0x00000007e3f00000, 0x00000007e3f00000| Untracked 
|  64|0x00000007e4000000, 0x00000007e4000000, 0x00000007e4100000|  0%| F|  |TAMS 0x00000007e4000000, 0x00000007e4000000| Untracked 
|  65|0x00000007e4100000, 0x00000007e4100000, 0x00000007e4200000|  0%| F|  |TAMS 0x00000007e4100000, 0x00000007e4100000| Untracked 
|  66|0x00000007e4200000, 0x00000007e4200000, 0x00000007e4300000|  0%| F|  |TAMS 0x00000007e4200000, 0x00000007e4200000| Untracked 
|  67|0x00000007e4300000, 0x00000007e4300000, 0x00000007e4400000|  0%| F|  |TAMS 0x00000007e4300000, 0x00000007e4300000| Untracked 
|  68|0x00000007e4400000, 0x00000007e4400000, 0x00000007e4500000|  0%| F|  |TAMS 0x00000007e4400000, 0x00000007e4400000| Untracked 
|  69|0x00000007e4500000, 0x00000007e4500000, 0x00000007e4600000|  0%| F|  |TAMS 0x00000007e4500000, 0x00000007e4500000| Untracked 
|  70|0x00000007e4600000, 0x00000007e4600000, 0x00000007e4700000|  0%| F|  |TAMS 0x00000007e4600000, 0x00000007e4600000| Untracked 
|  71|0x00000007e4700000, 0x00000007e4700000, 0x00000007e4800000|  0%| F|  |TAMS 0x00000007e4700000, 0x00000007e4700000| Untracked 
|  72|0x00000007e4800000, 0x00000007e4800000, 0x00000007e4900000|  0%| F|  |TAMS 0x00000007e4800000, 0x00000007e4800000| Untracked 
|  73|0x00000007e4900000, 0x00000007e4900000, 0x00000007e4a00000|  0%| F|  |TAMS 0x00000007e4900000, 0x00000007e4900000| Untracked 
|  74|0x00000007e4a00000, 0x00000007e4a00000, 0x00000007e4b00000|  0%| F|  |TAMS 0x00000007e4a00000, 0x00000007e4a00000| Untracked 
|  75|0x00000007e4b00000, 0x00000007e4b00000, 0x00000007e4c00000|  0%| F|  |TAMS 0x00000007e4b00000, 0x00000007e4b00000| Untracked 
|  76|0x00000007e4c00000, 0x00000007e4c00000, 0x00000007e4d00000|  0%| F|  |TAMS 0x00000007e4c00000, 0x00000007e4c00000| Untracked 
|  77|0x00000007e4d00000, 0x00000007e4d00000, 0x00000007e4e00000|  0%| F|  |TAMS 0x00000007e4d00000, 0x00000007e4d00000| Untracked 
|  78|0x00000007e4e00000, 0x00000007e4e00000, 0x00000007e4f00000|  0%| F|  |TAMS 0x00000007e4e00000, 0x00000007e4e00000| Untracked 
|  79|0x00000007e4f00000, 0x00000007e4f00000, 0x00000007e5000000|  0%| F|  |TAMS 0x00000007e4f00000, 0x00000007e4f00000| Untracked 
|  80|0x00000007e5000000, 0x00000007e5000000, 0x00000007e5100000|  0%| F|  |TAMS 0x00000007e5000000, 0x00000007e5000000| Untracked 
|  81|0x00000007e5100000, 0x00000007e5100000, 0x00000007e5200000|  0%| F|  |TAMS 0x00000007e5100000, 0x00000007e5100000| Untracked 
|  82|0x00000007e5200000, 0x00000007e5200000, 0x00000007e5300000|  0%| F|  |TAMS 0x00000007e5200000, 0x00000007e5200000| Untracked 
|  83|0x00000007e5300000, 0x00000007e5300000, 0x00000007e5400000|  0%| F|  |TAMS 0x00000007e5300000, 0x00000007e5300000| Untracked 
|  84|0x00000007e5400000, 0x00000007e5400000, 0x00000007e5500000|  0%| F|  |TAMS 0x00000007e5400000, 0x00000007e5400000| Untracked 
|  85|0x00000007e5500000, 0x00000007e5500000, 0x00000007e5600000|  0%| F|  |TAMS 0x00000007e5500000, 0x00000007e5500000| Untracked 
|  86|0x00000007e5600000, 0x00000007e5600000, 0x00000007e5700000|  0%| F|  |TAMS 0x00000007e5600000, 0x00000007e5600000| Untracked 
|  87|0x00000007e5700000, 0x00000007e5700000, 0x00000007e5800000|  0%| F|  |TAMS 0x00000007e5700000, 0x00000007e5700000| Untracked 
|  88|0x00000007e5800000, 0x00000007e5800000, 0x00000007e5900000|  0%| F|  |TAMS 0x00000007e5800000, 0x00000007e5800000| Untracked 
|  89|0x00000007e5900000, 0x00000007e5900000, 0x00000007e5a00000|  0%| F|  |TAMS 0x00000007e5900000, 0x00000007e5900000| Untracked 
|  90|0x00000007e5a00000, 0x00000007e5a00000, 0x00000007e5b00000|  0%| F|  |TAMS 0x00000007e5a00000, 0x00000007e5a00000| Untracked 
|  91|0x00000007e5b00000, 0x00000007e5b00000, 0x00000007e5c00000|  0%| F|  |TAMS 0x00000007e5b00000, 0x00000007e5b00000| Untracked 
|  92|0x00000007e5c00000, 0x00000007e5c00000, 0x00000007e5d00000|  0%| F|  |TAMS 0x00000007e5c00000, 0x00000007e5c00000| Untracked 
|  93|0x00000007e5d00000, 0x00000007e5d00000, 0x00000007e5e00000|  0%| F|  |TAMS 0x00000007e5d00000, 0x00000007e5d00000| Untracked 
|  94|0x00000007e5e00000, 0x00000007e5e00000, 0x00000007e5f00000|  0%| F|  |TAMS 0x00000007e5e00000, 0x00000007e5e00000| Untracked 
|  95|0x00000007e5f00000, 0x00000007e5f00000, 0x00000007e6000000|  0%| F|  |TAMS 0x00000007e5f00000, 0x00000007e5f00000| Untracked 
|  96|0x00000007e6000000, 0x00000007e6000000, 0x00000007e6100000|  0%| F|  |TAMS 0x00000007e6000000, 0x00000007e6000000| Untracked 
|  97|0x00000007e6100000, 0x00000007e6100000, 0x00000007e6200000|  0%| F|  |TAMS 0x00000007e6100000, 0x00000007e6100000| Untracked 
|  98|0x00000007e6200000, 0x00000007e6200000, 0x00000007e6300000|  0%| F|  |TAMS 0x00000007e6200000, 0x00000007e6200000| Untracked 
|  99|0x00000007e6300000, 0x00000007e6300000, 0x00000007e6400000|  0%| F|  |TAMS 0x00000007e6300000, 0x00000007e6300000| Untracked 
| 100|0x00000007e6400000, 0x00000007e6400000, 0x00000007e6500000|  0%| F|  |TAMS 0x00000007e6400000, 0x00000007e6400000| Untracked 
| 101|0x00000007e6500000, 0x00000007e6500000, 0x00000007e6600000|  0%| F|  |TAMS 0x00000007e6500000, 0x00000007e6500000| Untracked 
| 102|0x00000007e6600000, 0x00000007e6600000, 0x00000007e6700000|  0%| F|  |TAMS 0x00000007e6600000, 0x00000007e6600000| Untracked 
| 103|0x00000007e6700000, 0x00000007e6700000, 0x00000007e6800000|  0%| F|  |TAMS 0x00000007e6700000, 0x00000007e6700000| Untracked 
| 104|0x00000007e6800000, 0x00000007e6800000, 0x00000007e6900000|  0%| F|  |TAMS 0x00000007e6800000, 0x00000007e6800000| Untracked 
| 105|0x00000007e6900000, 0x00000007e6900000, 0x00000007e6a00000|  0%| F|  |TAMS 0x00000007e6900000, 0x00000007e6900000| Untracked 
| 106|0x00000007e6a00000, 0x00000007e6a00000, 0x00000007e6b00000|  0%| F|  |TAMS 0x00000007e6a00000, 0x00000007e6a00000| Untracked 
| 107|0x00000007e6b00000, 0x00000007e6b00000, 0x00000007e6c00000|  0%| F|  |TAMS 0x00000007e6b00000, 0x00000007e6b00000| Untracked 
| 108|0x00000007e6c00000, 0x00000007e6c00000, 0x00000007e6d00000|  0%| F|  |TAMS 0x00000007e6c00000, 0x00000007e6c00000| Untracked 
| 109|0x00000007e6d00000, 0x00000007e6d00000, 0x00000007e6e00000|  0%| F|  |TAMS 0x00000007e6d00000, 0x00000007e6d00000| Untracked 
| 110|0x00000007e6e00000, 0x00000007e6e00000, 0x00000007e6f00000|  0%| F|  |TAMS 0x00000007e6e00000, 0x00000007e6e00000| Untracked 
| 111|0x00000007e6f00000, 0x00000007e6f00000, 0x00000007e7000000|  0%| F|  |TAMS 0x00000007e6f00000, 0x00000007e6f00000| Untracked 
| 112|0x00000007e7000000, 0x00000007e7000000, 0x00000007e7100000|  0%| F|  |TAMS 0x00000007e7000000, 0x00000007e7000000| Untracked 
| 113|0x00000007e7100000, 0x00000007e7100000, 0x00000007e7200000|  0%| F|  |TAMS 0x00000007e7100000, 0x00000007e7100000| Untracked 
| 114|0x00000007e7200000, 0x00000007e7200000, 0x00000007e7300000|  0%| F|  |TAMS 0x00000007e7200000, 0x00000007e7200000| Untracked 
| 115|0x00000007e7300000, 0x00000007e7300000, 0x00000007e7400000|  0%| F|  |TAMS 0x00000007e7300000, 0x00000007e7300000| Untracked 
| 116|0x00000007e7400000, 0x00000007e7400000, 0x00000007e7500000|  0%| F|  |TAMS 0x00000007e7400000, 0x00000007e7400000| Untracked 
| 117|0x00000007e7500000, 0x00000007e7500000, 0x00000007e7600000|  0%| F|  |TAMS 0x00000007e7500000, 0x00000007e7500000| Untracked 
| 118|0x00000007e7600000, 0x00000007e7600000, 0x00000007e7700000|  0%| F|  |TAMS 0x00000007e7600000, 0x00000007e7600000| Untracked 
| 119|0x00000007e7700000, 0x00000007e7700000, 0x00000007e7800000|  0%| F|  |TAMS 0x00000007e7700000, 0x00000007e7700000| Untracked 
| 120|0x00000007e7800000, 0x00000007e7800000, 0x00000007e7900000|  0%| F|  |TAMS 0x00000007e7800000, 0x00000007e7800000| Untracked 
| 121|0x00000007e7900000, 0x00000007e7900000, 0x00000007e7a00000|  0%| F|  |TAMS 0x00000007e7900000, 0x00000007e7900000| Untracked 
| 122|0x00000007e7a00000, 0x00000007e7a00000, 0x00000007e7b00000|  0%| F|  |TAMS 0x00000007e7a00000, 0x00000007e7a00000| Untracked 
| 123|0x00000007e7b00000, 0x00000007e7b00000, 0x00000007e7c00000|  0%| F|  |TAMS 0x00000007e7b00000, 0x00000007e7b00000| Untracked 
| 124|0x00000007e7c00000, 0x00000007e7c00000, 0x00000007e7d00000|  0%| F|  |TAMS 0x00000007e7c00000, 0x00000007e7c00000| Untracked 
| 125|0x00000007e7d00000, 0x00000007e7d00000, 0x00000007e7e00000|  0%| F|  |TAMS 0x00000007e7d00000, 0x00000007e7d00000| Untracked 
| 126|0x00000007e7e00000, 0x00000007e7e00000, 0x00000007e7f00000|  0%| F|  |TAMS 0x00000007e7e00000, 0x00000007e7e00000| Untracked 
| 127|0x00000007e7f00000, 0x00000007e7f00000, 0x00000007e8000000|  0%| F|  |TAMS 0x00000007e7f00000, 0x00000007e7f00000| Untracked 
| 128|0x00000007e8000000, 0x00000007e8000000, 0x00000007e8100000|  0%| F|  |TAMS 0x00000007e8000000, 0x00000007e8000000| Untracked 
| 129|0x00000007e8100000, 0x00000007e8100000, 0x00000007e8200000|  0%| F|  |TAMS 0x00000007e8100000, 0x00000007e8100000| Untracked 
| 130|0x00000007e8200000, 0x00000007e8200000, 0x00000007e8300000|  0%| F|  |TAMS 0x00000007e8200000, 0x00000007e8200000| Untracked 
| 131|0x00000007e8300000, 0x00000007e8300000, 0x00000007e8400000|  0%| F|  |TAMS 0x00000007e8300000, 0x00000007e8300000| Untracked 
| 132|0x00000007e8400000, 0x00000007e8400000, 0x00000007e8500000|  0%| F|  |TAMS 0x00000007e8400000, 0x00000007e8400000| Untracked 
| 133|0x00000007e8500000, 0x00000007e8500000, 0x00000007e8600000|  0%| F|  |TAMS 0x00000007e8500000, 0x00000007e8500000| Untracked 
| 134|0x00000007e8600000, 0x00000007e8600000, 0x00000007e8700000|  0%| F|  |TAMS 0x00000007e8600000, 0x00000007e8600000| Untracked 
| 135|0x00000007e8700000, 0x00000007e8700000, 0x00000007e8800000|  0%| F|  |TAMS 0x00000007e8700000, 0x00000007e8700000| Untracked 
| 136|0x00000007e8800000, 0x00000007e8800000, 0x00000007e8900000|  0%| F|  |TAMS 0x00000007e8800000, 0x00000007e8800000| Untracked 
| 137|0x00000007e8900000, 0x00000007e8900000, 0x00000007e8a00000|  0%| F|  |TAMS 0x00000007e8900000, 0x00000007e8900000| Untracked 
| 138|0x00000007e8a00000, 0x00000007e8a00000, 0x00000007e8b00000|  0%| F|  |TAMS 0x00000007e8a00000, 0x00000007e8a00000| Untracked 
| 139|0x00000007e8b00000, 0x00000007e8b00000, 0x00000007e8c00000|  0%| F|  |TAMS 0x00000007e8b00000, 0x00000007e8b00000| Untracked 
| 140|0x00000007e8c00000, 0x00000007e8c00000, 0x00000007e8d00000|  0%| F|  |TAMS 0x00000007e8c00000, 0x00000007e8c00000| Untracked 
| 141|0x00000007e8d00000, 0x00000007e8d00000, 0x00000007e8e00000|  0%| F|  |TAMS 0x00000007e8d00000, 0x00000007e8d00000| Untracked 
| 142|0x00000007e8e00000, 0x00000007e8e00000, 0x00000007e8f00000|  0%| F|  |TAMS 0x00000007e8e00000, 0x00000007e8e00000| Untracked 
| 143|0x00000007e8f00000, 0x00000007e8f00000, 0x00000007e9000000|  0%| F|  |TAMS 0x00000007e8f00000, 0x00000007e8f00000| Untracked 
| 144|0x00000007e9000000, 0x00000007e9000000, 0x00000007e9100000|  0%| F|  |TAMS 0x00000007e9000000, 0x00000007e9000000| Untracked 
| 145|0x00000007e9100000, 0x00000007e9100000, 0x00000007e9200000|  0%| F|  |TAMS 0x00000007e9100000, 0x00000007e9100000| Untracked 
| 146|0x00000007e9200000, 0x00000007e9200000, 0x00000007e9300000|  0%| F|  |TAMS 0x00000007e9200000, 0x00000007e9200000| Untracked 
| 147|0x00000007e9300000, 0x00000007e9300000, 0x00000007e9400000|  0%| F|  |TAMS 0x00000007e9300000, 0x00000007e9300000| Untracked 
| 148|0x00000007e9400000, 0x00000007e9400000, 0x00000007e9500000|  0%| F|  |TAMS 0x00000007e9400000, 0x00000007e9400000| Untracked 
| 149|0x00000007e9500000, 0x00000007e9500000, 0x00000007e9600000|  0%| F|  |TAMS 0x00000007e9500000, 0x00000007e9500000| Untracked 
| 150|0x00000007e9600000, 0x00000007e9600000, 0x00000007e9700000|  0%| F|  |TAMS 0x00000007e9600000, 0x00000007e9600000| Untracked 
| 151|0x00000007e9700000, 0x00000007e9700000, 0x00000007e9800000|  0%| F|  |TAMS 0x00000007e9700000, 0x00000007e9700000| Untracked 
| 152|0x00000007e9800000, 0x00000007e9800000, 0x00000007e9900000|  0%| F|  |TAMS 0x00000007e9800000, 0x00000007e9800000| Untracked 
| 153|0x00000007e9900000, 0x00000007e9900000, 0x00000007e9a00000|  0%| F|  |TAMS 0x00000007e9900000, 0x00000007e9900000| Untracked 
| 154|0x00000007e9a00000, 0x00000007e9a00000, 0x00000007e9b00000|  0%| F|  |TAMS 0x00000007e9a00000, 0x00000007e9a00000| Untracked 
| 155|0x00000007e9b00000, 0x00000007e9b00000, 0x00000007e9c00000|  0%| F|  |TAMS 0x00000007e9b00000, 0x00000007e9b00000| Untracked 
| 156|0x00000007e9c00000, 0x00000007e9c00000, 0x00000007e9d00000|  0%| F|  |TAMS 0x00000007e9c00000, 0x00000007e9c00000| Untracked 
| 157|0x00000007e9d00000, 0x00000007e9d00000, 0x00000007e9e00000|  0%| F|  |TAMS 0x00000007e9d00000, 0x00000007e9d00000| Untracked 
| 158|0x00000007e9e00000, 0x00000007e9e00000, 0x00000007e9f00000|  0%| F|  |TAMS 0x00000007e9e00000, 0x00000007e9e00000| Untracked 
| 159|0x00000007e9f00000, 0x00000007e9f00000, 0x00000007ea000000|  0%| F|  |TAMS 0x00000007e9f00000, 0x00000007e9f00000| Untracked 
| 160|0x00000007ea000000, 0x00000007ea000000, 0x00000007ea100000|  0%| F|  |TAMS 0x00000007ea000000, 0x00000007ea000000| Untracked 
| 161|0x00000007ea100000, 0x00000007ea100000, 0x00000007ea200000|  0%| F|  |TAMS 0x00000007ea100000, 0x00000007ea100000| Untracked 
| 162|0x00000007ea200000, 0x00000007ea200000, 0x00000007ea300000|  0%| F|  |TAMS 0x00000007ea200000, 0x00000007ea200000| Untracked 
| 163|0x00000007ea300000, 0x00000007ea300000, 0x00000007ea400000|  0%| F|  |TAMS 0x00000007ea300000, 0x00000007ea300000| Untracked 
| 164|0x00000007ea400000, 0x00000007ea400000, 0x00000007ea500000|  0%| F|  |TAMS 0x00000007ea400000, 0x00000007ea400000| Untracked 
| 165|0x00000007ea500000, 0x00000007ea500000, 0x00000007ea600000|  0%| F|  |TAMS 0x00000007ea500000, 0x00000007ea500000| Untracked 
| 166|0x00000007ea600000, 0x00000007ea600000, 0x00000007ea700000|  0%| F|  |TAMS 0x00000007ea600000, 0x00000007ea600000| Untracked 
| 167|0x00000007ea700000, 0x00000007ea700000, 0x00000007ea800000|  0%| F|  |TAMS 0x00000007ea700000, 0x00000007ea700000| Untracked 
| 168|0x00000007ea800000, 0x00000007ea800000, 0x00000007ea900000|  0%| F|  |TAMS 0x00000007ea800000, 0x00000007ea800000| Untracked 
| 169|0x00000007ea900000, 0x00000007ea900000, 0x00000007eaa00000|  0%| F|  |TAMS 0x00000007ea900000, 0x00000007ea900000| Untracked 
| 170|0x00000007eaa00000, 0x00000007eaa00000, 0x00000007eab00000|  0%| F|  |TAMS 0x00000007eaa00000, 0x00000007eaa00000| Untracked 
| 171|0x00000007eab00000, 0x00000007eab00000, 0x00000007eac00000|  0%| F|  |TAMS 0x00000007eab00000, 0x00000007eab00000| Untracked 
| 172|0x00000007eac00000, 0x00000007eac00000, 0x00000007ead00000|  0%| F|  |TAMS 0x00000007eac00000, 0x00000007eac00000| Untracked 
| 173|0x00000007ead00000, 0x00000007ead00000, 0x00000007eae00000|  0%| F|  |TAMS 0x00000007ead00000, 0x00000007ead00000| Untracked 
| 174|0x00000007eae00000, 0x00000007eae00000, 0x00000007eaf00000|  0%| F|  |TAMS 0x00000007eae00000, 0x00000007eae00000| Untracked 
| 175|0x00000007eaf00000, 0x00000007eaf00000, 0x00000007eb000000|  0%| F|  |TAMS 0x00000007eaf00000, 0x00000007eaf00000| Untracked 
| 176|0x00000007eb000000, 0x00000007eb000000, 0x00000007eb100000|  0%| F|  |TAMS 0x00000007eb000000, 0x00000007eb000000| Untracked 
| 177|0x00000007eb100000, 0x00000007eb100000, 0x00000007eb200000|  0%| F|  |TAMS 0x00000007eb100000, 0x00000007eb100000| Untracked 
| 178|0x00000007eb200000, 0x00000007eb200000, 0x00000007eb300000|  0%| F|  |TAMS 0x00000007eb200000, 0x00000007eb200000| Untracked 
| 179|0x00000007eb300000, 0x00000007eb300000, 0x00000007eb400000|  0%| F|  |TAMS 0x00000007eb300000, 0x00000007eb300000| Untracked 
| 180|0x00000007eb400000, 0x00000007eb400000, 0x00000007eb500000|  0%| F|  |TAMS 0x00000007eb400000, 0x00000007eb400000| Untracked 
| 181|0x00000007eb500000, 0x00000007eb500000, 0x00000007eb600000|  0%| F|  |TAMS 0x00000007eb500000, 0x00000007eb500000| Untracked 
| 182|0x00000007eb600000, 0x00000007eb600000, 0x00000007eb700000|  0%| F|  |TAMS 0x00000007eb600000, 0x00000007eb600000| Untracked 
| 183|0x00000007eb700000, 0x00000007eb700000, 0x00000007eb800000|  0%| F|  |TAMS 0x00000007eb700000, 0x00000007eb700000| Untracked 
| 184|0x00000007eb800000, 0x00000007eb800000, 0x00000007eb900000|  0%| F|  |TAMS 0x00000007eb800000, 0x00000007eb800000| Untracked 
| 185|0x00000007eb900000, 0x00000007eb900000, 0x00000007eba00000|  0%| F|  |TAMS 0x00000007eb900000, 0x00000007eb900000| Untracked 
| 186|0x00000007eba00000, 0x00000007eba00000, 0x00000007ebb00000|  0%| F|  |TAMS 0x00000007eba00000, 0x00000007eba00000| Untracked 
| 187|0x00000007ebb00000, 0x00000007ebb00000, 0x00000007ebc00000|  0%| F|  |TAMS 0x00000007ebb00000, 0x00000007ebb00000| Untracked 
| 188|0x00000007ebc00000, 0x00000007ebc00000, 0x00000007ebd00000|  0%| F|  |TAMS 0x00000007ebc00000, 0x00000007ebc00000| Untracked 
| 189|0x00000007ebd00000, 0x00000007ebd00000, 0x00000007ebe00000|  0%| F|  |TAMS 0x00000007ebd00000, 0x00000007ebd00000| Untracked 
| 190|0x00000007ebe00000, 0x00000007ebe00000, 0x00000007ebf00000|  0%| F|  |TAMS 0x00000007ebe00000, 0x00000007ebe00000| Untracked 
| 191|0x00000007ebf00000, 0x00000007ebf00000, 0x00000007ec000000|  0%| F|  |TAMS 0x00000007ebf00000, 0x00000007ebf00000| Untracked 
| 192|0x00000007ec000000, 0x00000007ec000000, 0x00000007ec100000|  0%| F|  |TAMS 0x00000007ec000000, 0x00000007ec000000| Untracked 
| 193|0x00000007ec100000, 0x00000007ec100000, 0x00000007ec200000|  0%| F|  |TAMS 0x00000007ec100000, 0x00000007ec100000| Untracked 
| 194|0x00000007ec200000, 0x00000007ec200000, 0x00000007ec300000|  0%| F|  |TAMS 0x00000007ec200000, 0x00000007ec200000| Untracked 
| 195|0x00000007ec300000, 0x00000007ec300000, 0x00000007ec400000|  0%| F|  |TAMS 0x00000007ec300000, 0x00000007ec300000| Untracked 
| 196|0x00000007ec400000, 0x00000007ec400000, 0x00000007ec500000|  0%| F|  |TAMS 0x00000007ec400000, 0x00000007ec400000| Untracked 
| 197|0x00000007ec500000, 0x00000007ec500000, 0x00000007ec600000|  0%| F|  |TAMS 0x00000007ec500000, 0x00000007ec500000| Untracked 
| 198|0x00000007ec600000, 0x00000007ec600000, 0x00000007ec700000|  0%| F|  |TAMS 0x00000007ec600000, 0x00000007ec600000| Untracked 
| 199|0x00000007ec700000, 0x00000007ec700000, 0x00000007ec800000|  0%| F|  |TAMS 0x00000007ec700000, 0x00000007ec700000| Untracked 
| 200|0x00000007ec800000, 0x00000007ec800000, 0x00000007ec900000|  0%| F|  |TAMS 0x00000007ec800000, 0x00000007ec800000| Untracked 
| 201|0x00000007ec900000, 0x00000007ec900000, 0x00000007eca00000|  0%| F|  |TAMS 0x00000007ec900000, 0x00000007ec900000| Untracked 
| 202|0x00000007eca00000, 0x00000007eca00000, 0x00000007ecb00000|  0%| F|  |TAMS 0x00000007eca00000, 0x00000007eca00000| Untracked 
| 203|0x00000007ecb00000, 0x00000007ecb00000, 0x00000007ecc00000|  0%| F|  |TAMS 0x00000007ecb00000, 0x00000007ecb00000| Untracked 
| 204|0x00000007ecc00000, 0x00000007ecc00000, 0x00000007ecd00000|  0%| F|  |TAMS 0x00000007ecc00000, 0x00000007ecc00000| Untracked 
| 205|0x00000007ecd00000, 0x00000007ecd00000, 0x00000007ece00000|  0%| F|  |TAMS 0x00000007ecd00000, 0x00000007ecd00000| Untracked 
| 206|0x00000007ece00000, 0x00000007ece00000, 0x00000007ecf00000|  0%| F|  |TAMS 0x00000007ece00000, 0x00000007ece00000| Untracked 
| 207|0x00000007ecf00000, 0x00000007ecf00000, 0x00000007ed000000|  0%| F|  |TAMS 0x00000007ecf00000, 0x00000007ecf00000| Untracked 
| 208|0x00000007ed000000, 0x00000007ed000000, 0x00000007ed100000|  0%| F|  |TAMS 0x00000007ed000000, 0x00000007ed000000| Untracked 
| 209|0x00000007ed100000, 0x00000007ed100000, 0x00000007ed200000|  0%| F|  |TAMS 0x00000007ed100000, 0x00000007ed100000| Untracked 
| 210|0x00000007ed200000, 0x00000007ed200000, 0x00000007ed300000|  0%| F|  |TAMS 0x00000007ed200000, 0x00000007ed200000| Untracked 
| 211|0x00000007ed300000, 0x00000007ed300000, 0x00000007ed400000|  0%| F|  |TAMS 0x00000007ed300000, 0x00000007ed300000| Untracked 
| 212|0x00000007ed400000, 0x00000007ed400000, 0x00000007ed500000|  0%| F|  |TAMS 0x00000007ed400000, 0x00000007ed400000| Untracked 
| 213|0x00000007ed500000, 0x00000007ed500000, 0x00000007ed600000|  0%| F|  |TAMS 0x00000007ed500000, 0x00000007ed500000| Untracked 
| 214|0x00000007ed600000, 0x00000007ed600000, 0x00000007ed700000|  0%| F|  |TAMS 0x00000007ed600000, 0x00000007ed600000| Untracked 
| 215|0x00000007ed700000, 0x00000007ed700000, 0x00000007ed800000|  0%| F|  |TAMS 0x00000007ed700000, 0x00000007ed700000| Untracked 
| 216|0x00000007ed800000, 0x00000007ed800000, 0x00000007ed900000|  0%| F|  |TAMS 0x00000007ed800000, 0x00000007ed800000| Untracked 
| 217|0x00000007ed900000, 0x00000007ed900000, 0x00000007eda00000|  0%| F|  |TAMS 0x00000007ed900000, 0x00000007ed900000| Untracked 
| 218|0x00000007eda00000, 0x00000007eda00000, 0x00000007edb00000|  0%| F|  |TAMS 0x00000007eda00000, 0x00000007eda00000| Untracked 
| 219|0x00000007edb00000, 0x00000007edb00000, 0x00000007edc00000|  0%| F|  |TAMS 0x00000007edb00000, 0x00000007edb00000| Untracked 
| 220|0x00000007edc00000, 0x00000007edc00000, 0x00000007edd00000|  0%| F|  |TAMS 0x00000007edc00000, 0x00000007edc00000| Untracked 
| 221|0x00000007edd00000, 0x00000007edd00000, 0x00000007ede00000|  0%| F|  |TAMS 0x00000007edd00000, 0x00000007edd00000| Untracked 
| 222|0x00000007ede00000, 0x00000007ede00000, 0x00000007edf00000|  0%| F|  |TAMS 0x00000007ede00000, 0x00000007ede00000| Untracked 
| 223|0x00000007edf00000, 0x00000007edf00000, 0x00000007ee000000|  0%| F|  |TAMS 0x00000007edf00000, 0x00000007edf00000| Untracked 
| 224|0x00000007ee000000, 0x00000007ee000000, 0x00000007ee100000|  0%| F|  |TAMS 0x00000007ee000000, 0x00000007ee000000| Untracked 
| 225|0x00000007ee100000, 0x00000007ee100000, 0x00000007ee200000|  0%| F|  |TAMS 0x00000007ee100000, 0x00000007ee100000| Untracked 
| 226|0x00000007ee200000, 0x00000007ee200000, 0x00000007ee300000|  0%| F|  |TAMS 0x00000007ee200000, 0x00000007ee200000| Untracked 
| 227|0x00000007ee300000, 0x00000007ee300000, 0x00000007ee400000|  0%| F|  |TAMS 0x00000007ee300000, 0x00000007ee300000| Untracked 
| 228|0x00000007ee400000, 0x00000007ee400000, 0x00000007ee500000|  0%| F|  |TAMS 0x00000007ee400000, 0x00000007ee400000| Untracked 
| 229|0x00000007ee500000, 0x00000007ee500000, 0x00000007ee600000|  0%| F|  |TAMS 0x00000007ee500000, 0x00000007ee500000| Untracked 
| 230|0x00000007ee600000, 0x00000007ee700000, 0x00000007ee700000|100%| S|CS|TAMS 0x00000007ee600000, 0x00000007ee600000| Complete 
| 231|0x00000007ee700000, 0x00000007ee800000, 0x00000007ee800000|100%| S|CS|TAMS 0x00000007ee700000, 0x00000007ee700000| Complete 
| 232|0x00000007ee800000, 0x00000007ee900000, 0x00000007ee900000|100%| S|CS|TAMS 0x00000007ee800000, 0x00000007ee800000| Complete 
| 233|0x00000007ee900000, 0x00000007ee900000, 0x00000007eea00000|  0%| F|  |TAMS 0x00000007ee900000, 0x00000007ee900000| Untracked 
| 234|0x00000007eea00000, 0x00000007eea00000, 0x00000007eeb00000|  0%| F|  |TAMS 0x00000007eea00000, 0x00000007eea00000| Untracked 
| 235|0x00000007eeb00000, 0x00000007eebd63a0, 0x00000007eec00000| 83%| E|  |TAMS 0x00000007eeb00000, 0x00000007eeb00000| Complete 
| 236|0x00000007eec00000, 0x00000007eed00000, 0x00000007eed00000|100%| E|CS|TAMS 0x00000007eec00000, 0x00000007eec00000| Complete 
| 237|0x00000007eed00000, 0x00000007eee00000, 0x00000007eee00000|100%| E|CS|TAMS 0x00000007eed00000, 0x00000007eed00000| Complete 
| 238|0x00000007eee00000, 0x00000007eef00000, 0x00000007eef00000|100%| E|CS|TAMS 0x00000007eee00000, 0x00000007eee00000| Complete 
| 239|0x00000007eef00000, 0x00000007ef000000, 0x00000007ef000000|100%| E|CS|TAMS 0x00000007eef00000, 0x00000007eef00000| Complete 
| 240|0x00000007ef000000, 0x00000007ef100000, 0x00000007ef100000|100%| E|CS|TAMS 0x00000007ef000000, 0x00000007ef000000| Complete 
| 241|0x00000007ef100000, 0x00000007ef200000, 0x00000007ef200000|100%| E|CS|TAMS 0x00000007ef100000, 0x00000007ef100000| Complete 
| 242|0x00000007ef200000, 0x00000007ef300000, 0x00000007ef300000|100%| E|CS|TAMS 0x00000007ef200000, 0x00000007ef200000| Complete 
| 243|0x00000007ef300000, 0x00000007ef400000, 0x00000007ef400000|100%| E|CS|TAMS 0x00000007ef300000, 0x00000007ef300000| Complete 
| 244|0x00000007ef400000, 0x00000007ef500000, 0x00000007ef500000|100%| E|  |TAMS 0x00000007ef400000, 0x00000007ef400000| Complete 
| 245|0x00000007ef500000, 0x00000007ef600000, 0x00000007ef600000|100%| E|CS|TAMS 0x00000007ef500000, 0x00000007ef500000| Complete 
| 246|0x00000007ef600000, 0x00000007ef700000, 0x00000007ef700000|100%| E|CS|TAMS 0x00000007ef600000, 0x00000007ef600000| Complete 
| 247|0x00000007ef700000, 0x00000007ef800000, 0x00000007ef800000|100%| E|CS|TAMS 0x00000007ef700000, 0x00000007ef700000| Complete 
| 248|0x00000007ef800000, 0x00000007ef900000, 0x00000007ef900000|100%| E|CS|TAMS 0x00000007ef800000, 0x00000007ef800000| Complete 
| 249|0x00000007ef900000, 0x00000007efa00000, 0x00000007efa00000|100%| E|CS|TAMS 0x00000007ef900000, 0x00000007ef900000| Complete 
| 250|0x00000007efa00000, 0x00000007efb00000, 0x00000007efb00000|100%| E|CS|TAMS 0x00000007efa00000, 0x00000007efa00000| Complete 
| 251|0x00000007efb00000, 0x00000007efc00000, 0x00000007efc00000|100%| E|CS|TAMS 0x00000007efb00000, 0x00000007efb00000| Complete 
| 252|0x00000007efc00000, 0x00000007efd00000, 0x00000007efd00000|100%| E|CS|TAMS 0x00000007efc00000, 0x00000007efc00000| Complete 
| 253|0x00000007efd00000, 0x00000007efe00000, 0x00000007efe00000|100%| E|CS|TAMS 0x00000007efd00000, 0x00000007efd00000| Complete 
| 254|0x00000007efe00000, 0x00000007eff00000, 0x00000007eff00000|100%| E|CS|TAMS 0x00000007efe00000, 0x00000007efe00000| Complete 
| 255|0x00000007eff00000, 0x00000007f0000000, 0x00000007f0000000|100%| E|CS|TAMS 0x00000007eff00000, 0x00000007eff00000| Complete 
| 510|0x00000007ffe00000, 0x00000007ffe51000, 0x00000007fff00000| 31%|OA|  |TAMS 0x00000007ffe00000, 0x00000007ffe00000| Untracked 
| 511|0x00000007fff00000, 0x00000007fff79000, 0x0000000800000000| 47%|CA|  |TAMS 0x00000007fff00000, 0x00000007fff00000| Untracked 

Card table byte_map: [0x000000010b58f000,0x000000010b68f000] _byte_map_base: 0x000000010768f000

Marking Bits (Prev, Next): (CMBitMap*) 0x00007fecef819010, (CMBitMap*) 0x00007fecef819050
 Prev Bits: [0x000000010b78f000, 0x000000010bf8f000)
 Next Bits: [0x000000010bf8f000, 0x000000010c78f000)

Polling page: 0x0000000108900000

Metaspace:

Usage:
  Non-class:      9.45 MB capacity,     8.83 MB ( 93%) used,   624.09 KB (  6%) free+waste,    13.69 KB ( <1%) overhead. 
      Class:      1.62 MB capacity,     1.55 MB ( 96%) used,    58.83 KB (  4%) free+waste,     7.06 KB ( <1%) overhead. 
       Both:     11.07 MB capacity,    10.38 MB ( 94%) used,   682.91 KB (  6%) free+waste,    20.75 KB ( <1%) overhead. 

Virtual space:
  Non-class space:       10.00 MB reserved,       9.50 MB ( 95%) committed 
      Class space:        1.00 GB reserved,       1.62 MB ( <1%) committed 
             Both:        1.01 GB reserved,      11.12 MB (  1%) committed 

Chunk freelists:
   Non-Class:  18.00 KB
       Class:  7.00 KB
        Both:  25.00 KB

MaxMetaspaceSize: 17179869184.00 GB
CompressedClassSpaceSize: 1.00 GB

CodeHeap 'non-profiled nmethods': size=120028Kb used=454Kb max_used=454Kb free=119573Kb
 bounds [0x000000011da68000, 0x000000011dcd8000, 0x0000000124f9f000]
CodeHeap 'profiled nmethods': size=120028Kb used=2802Kb max_used=2802Kb free=117225Kb
 bounds [0x0000000116531000, 0x00000001167f1000, 0x000000011da68000]
CodeHeap 'non-nmethods': size=5704Kb used=1174Kb max_used=1191Kb free=4529Kb
 bounds [0x0000000115f9f000, 0x000000011620f000, 0x0000000116531000]
 total_blobs=1921 nmethods=1494 adapters=340
 compilation: enabled
              stopped_count=0, restarted_count=0
 full_count=0

Compilation events (20 events):
Event: 0.618 Thread 0x00007fecef00b400 1480       1       sun.reflect.generics.reflectiveObjects.ParameterizedTypeImpl::getOwnerType (5 bytes)
Event: 0.618 Thread 0x00007fecef00b400 nmethod 1480 0x000000011dad9690 code [0x000000011dad9820, 0x000000011dad98d0]
Event: 0.618 Thread 0x00007fecef00b400 1481       3       sun.reflect.annotation.AnnotatedTypeFactory$AnnotatedTypeBaseImpl::<init> (39 bytes)
Event: 0.618 Thread 0x00007fecef00b400 nmethod 1481 0x00000001167e2990 code [0x00000001167e2b60, 0x00000001167e2f30]
Event: 0.618 Thread 0x00007fecef00b400 1482       3       sun.reflect.annotation.TypeAnnotation$LocationInfo::filter (68 bytes)
Event: 0.618 Thread 0x00007fecef00b400 nmethod 1482 0x00000001167e3090 code [0x00000001167e32a0, 0x00000001167e3ad0]
Event: 0.618 Thread 0x00007fecef00b400 1486       3       java.util.AbstractList$SubList::checkForComodification (23 bytes)
Event: 0.619 Thread 0x00007fecef00b400 nmethod 1486 0x00000001167e3e10 code [0x00000001167e3fc0, 0x00000001167e4180]
Event: 0.619 Thread 0x00007fecef00b400 1487       3       net.bytebuddy.description.type.TypeList$Generic$AbstractBase::accept (64 bytes)
Event: 0.619 Thread 0x00007fecef00b400 nmethod 1487 0x00000001167e4290 code [0x00000001167e4520, 0x00000001167e5670]
Event: 0.619 Thread 0x00007fecef00b400 1484       3       net.bytebuddy.description.type.TypeDescription$Generic$OfParameterizedType::accept (8 bytes)
Event: 0.619 Thread 0x00007fecef00b400 nmethod 1484 0x00000001167e5c10 code [0x00000001167e5da0, 0x00000001167e5f60]
Event: 0.619 Thread 0x00007fecef00b400 1483       3       jdk.internal.reflect.ClassFileAssembler::incStack (11 bytes)
Event: 0.620 Thread 0x00007fecef00b400 nmethod 1483 0x00000001167e6010 code [0x00000001167e61a0, 0x00000001167e6350]
Event: 0.620 Thread 0x00007fecef00b400 1488       3       net.bytebuddy.description.method.ParameterList$AbstractBase::<init> (5 bytes)
Event: 0.620 Thread 0x00007fecef00b400 nmethod 1488 0x00000001167e6410 code [0x00000001167e65c0, 0x00000001167e6830]
Event: 0.620 Thread 0x00007fecef00b400 1489       3       net.bytebuddy.description.method.ParameterDescription$AbstractBase::<init> (5 bytes)
Event: 0.620 Thread 0x00007fecef00b400 nmethod 1489 0x00000001167e6990 code [0x00000001167e6b20, 0x00000001167e6cd0]
Event: 0.620 Thread 0x00007fecef00b400 1490       3       java.util.AbstractList$SubList::size (9 bytes)
Event: 0.620 Thread 0x00007fecef00b400 nmethod 1490 0x00000001167e6d90 code [0x00000001167e6f40, 0x00000001167e7160]

GC Heap History (2 events):
Event: 0.404 GC heap before
{Heap before GC invocations=0 (full 0):
 garbage-first heap   total 264192K, used 24360K [0x00000007e0000000, 0x0000000800000000)
  region size 1024K, 23 young (23552K), 0 survivors (0K)
 Metaspace       used 6211K, capacity 7407K, committed 7552K, reserved 1056768K
  class space    used 808K, capacity 882K, committed 896K, reserved 1048576K
}
Event: 0.408 GC heap after
{Heap after GC invocations=1 (full 0):
 garbage-first heap   total 264192K, used 7841K [0x00000007e0000000, 0x0000000800000000)
  region size 1024K, 3 young (3072K), 3 survivors (3072K)
 Metaspace       used 6211K, capacity 7407K, committed 7552K, reserved 1056768K
  class space    used 808K, capacity 882K, committed 896K, reserved 1048576K
}

Deoptimization events (20 events):
Event: 0.468 Thread 0x00007fecef126800 Uncommon trap: trap_request=0xffffff45 fr.pc=0x000000011dab9d60 relative=0x0000000000000240
Event: 0.468 Thread 0x00007fecef126800 Uncommon trap: reason=unstable_if action=reinterpret pc=0x000000011dab9d60 method=java.lang.String.hashCode()I @ 42 c2
Event: 0.468 Thread 0x00007fecef126800 DEOPT PACKING pc=0x000000011dab9d60 sp=0x0000700007c8c730
Event: 0.468 Thread 0x00007fecef126800 DEOPT UNPACKING pc=0x0000000115fed125 sp=0x0000700007c8c6e8 mode 2
Event: 0.564 Thread 0x00007fecef126800 Uncommon trap: trap_request=0xffffff45 fr.pc=0x000000011dac99b4 relative=0x0000000000000094
Event: 0.564 Thread 0x00007fecef126800 Uncommon trap: reason=unstable_if action=reinterpret pc=0x000000011dac99b4 method=sun.reflect.generics.parser.SignatureParser.current()C @ 39 c2
Event: 0.564 Thread 0x00007fecef126800 DEOPT PACKING pc=0x000000011dac99b4 sp=0x0000700007c8a440
Event: 0.564 Thread 0x00007fecef126800 DEOPT UNPACKING pc=0x0000000115fed125 sp=0x0000700007c8a3f8 mode 2
Event: 0.577 Thread 0x00007fecef126800 Uncommon trap: trap_request=0xffffff45 fr.pc=0x000000011dac6218 relative=0x0000000000000278
Event: 0.577 Thread 0x00007fecef126800 Uncommon trap: reason=unstable_if action=reinterpret pc=0x000000011dac6218 method=java.util.concurrent.ConcurrentHashMap.get(Ljava/lang/Object;)Ljava/lang/Object; @ 76 c2
Event: 0.577 Thread 0x00007fecef126800 DEOPT PACKING pc=0x000000011dac6218 sp=0x0000700007c89cc0
Event: 0.577 Thread 0x00007fecef126800 DEOPT UNPACKING pc=0x0000000115fed125 sp=0x0000700007c89c58 mode 2
Event: 0.583 Thread 0x00007fecef126800 Uncommon trap: trap_request=0xffffffde fr.pc=0x000000011dac941c relative=0x000000000000045c
Event: 0.583 Thread 0x00007fecef126800 Uncommon trap: reason=class_check action=maybe_recompile pc=0x000000011dac941c method=java.util.HashMap.getNode(Ljava/lang/Object;)Ljava/util/HashMap$Node; @ 128 c2
Event: 0.583 Thread 0x00007fecef126800 DEOPT PACKING pc=0x000000011dac941c sp=0x0000700007c8a960
Event: 0.583 Thread 0x00007fecef126800 DEOPT UNPACKING pc=0x0000000115fed125 sp=0x0000700007c8a8f8 mode 2
Event: 0.609 Thread 0x00007fecef126800 Uncommon trap: trap_request=0xffffffde fr.pc=0x000000011dac941c relative=0x000000000000045c
Event: 0.609 Thread 0x00007fecef126800 Uncommon trap: reason=class_check action=maybe_recompile pc=0x000000011dac941c method=java.util.HashMap.getNode(Ljava/lang/Object;)Ljava/util/HashMap$Node; @ 128 c2
Event: 0.609 Thread 0x00007fecef126800 DEOPT PACKING pc=0x000000011dac941c sp=0x0000700007c8a4d0
Event: 0.609 Thread 0x00007fecef126800 DEOPT UNPACKING pc=0x0000000115fed125 sp=0x0000700007c8a468 mode 2

Classes unloaded (0 events):
No events

Classes redefined (0 events):
No events

Internal exceptions (20 events):
Event: 0.400 Thread 0x00007fecef126800 Exception <a 'java/lang/NoSuchMethodError'{0x00000007ee9ab698}: 'java.lang.Object java.lang.invoke.DirectMethodHandle$Holder.newInvokeSpecial(java.lang.Object, java.lang.Object, java.lang.Object, java.lang.Object, java.lang.Object, java.lang.Object)'> (0x00000007ee9ab698) 
thrown [./src/hotspot/share/interpreter/linkResolver.cpp, line 782]
Event: 0.403 Thread 0x00007fecef126800 Exception <a 'java/lang/NoSuchMethodError'{0x00000007ee9fb508}: 'void java.lang.invoke.DirectMethodHandle$Holder.invokeInterface(java.lang.Object, java.lang.Object, java.lang.Object, java.lang.Object, java.lang.Object)'> (0x00000007ee9fb508) 
thrown [./src/hotspot/share/interpreter/linkResolver.cpp, line 782]
Event: 0.408 Thread 0x00007fecef126800 Exception <a 'java/lang/IncompatibleClassChangeError'{0x00000007ee804588}: Found class java.lang.Object, but interface was expected> (0x00000007ee804588) 
thrown [./src/hotspot/share/interpreter/linkResolver.cpp, line 848]
Event: 0.412 Thread 0x00007fecef126800 Exception <a 'java/lang/IncompatibleClassChangeError'{0x00000007eff35640}: Found class java.lang.Object, but interface was expected> (0x00000007eff35640) 
thrown [./src/hotspot/share/interpreter/linkResolver.cpp, line 848]
Event: 0.413 Thread 0x00007fecef126800 Exception <a 'java/lang/NoSuchMethodError'{0x00000007eff572d0}: 'java.lang.Object java.lang.invoke.DirectMethodHandle$Holder.invokeStatic(java.lang.Object, java.lang.Object, int)'> (0x00000007eff572d0) 
thrown [./src/hotspot/share/interpreter/linkResolver.cpp, line 782]
Event: 0.418 Thread 0x00007fecef126800 Exception <a 'java/lang/NoSuchMethodError'{0x00000007efe06eb0}: 'void java.lang.invoke.DirectMethodHandle$Holder.invokeSpecial(java.lang.Object, java.lang.Object, java.lang.Object, java.lang.Object, java.lang.Object)'> (0x00000007efe06eb0) 
thrown [./src/hotspot/share/interpreter/linkResolver.cpp, line 782]
Event: 0.426 Thread 0x00007fecef126800 Exception <a 'java/lang/NoSuchMethodError'{0x00000007efe9cef8}: 'void java.lang.invoke.DirectMethodHandle$Holder.invokeInterface(java.lang.Object, java.lang.Object, java.lang.Object, java.lang.Object)'> (0x00000007efe9cef8) 
thrown [./src/hotspot/share/interpreter/linkResolver.cpp, line 782]
Event: 0.426 Thread 0x00007fecef126800 Exception <a 'java/lang/IncompatibleClassChangeError'{0x00000007efea0cc8}: Found class java.lang.Object, but interface was expected> (0x00000007efea0cc8) 
thrown [./src/hotspot/share/interpreter/linkResolver.cpp, line 848]
Event: 0.427 Thread 0x00007fecef126800 Exception <a 'java/lang/NoSuchMethodError'{0x00000007efebd0e0}: 'void java.lang.invoke.DirectMethodHandle$Holder.invokeStatic(java.lang.Object, java.lang.Object, java.lang.Object, java.lang.Object)'> (0x00000007efebd0e0) 
thrown [./src/hotspot/share/interpreter/linkResolver.cpp, line 782]
Event: 0.431 Thread 0x00007fecef126800 Exception <a 'java/lang/NoSuchMethodError'{0x00000007efd3bc08}: 'int java.lang.invoke.DirectMethodHandle$Holder.invokeStatic(java.lang.Object, java.lang.Object, java.lang.Object, java.lang.Object)'> (0x00000007efd3bc08) 
thrown [./src/hotspot/share/interpreter/linkResolver.cpp, line 782]
Event: 0.432 Thread 0x00007fecef126800 Exception <a 'java/lang/NoSuchMethodError'{0x00000007efd3f760}: 'java.lang.Object java.lang.invoke.Invokers$Holder.invokeExact_MT(java.lang.Object, java.lang.Object, java.lang.Object, java.lang.Object, java.lang.Object, java.lang.Object)'> (0x00000007efd3f760) 
thrown [./src/hotspot/share/interpreter/linkResolver.cpp, line 782]
Event: 0.432 Thread 0x00007fecef126800 Exception <a 'java/lang/NoSuchMethodError'{0x00000007efd4fdc0}: 'int java.lang.invoke.DirectMethodHandle$Holder.invokeStatic(java.lang.Object, java.lang.Object, java.lang.Object, java.lang.Object, java.lang.Object)'> (0x00000007efd4fdc0) 
thrown [./src/hotspot/share/interpreter/linkResolver.cpp, line 782]
Event: 0.436 Thread 0x00007fecef126800 Exception <a 'java/lang/NoSuchMethodError'{0x00000007efda8e18}: 'void java.lang.invoke.DirectMethodHandle$Holder.invokeStaticInit(java.lang.Object)'> (0x00000007efda8e18) 
thrown [./src/hotspot/share/interpreter/linkResolver.cpp, line 782]
Event: 0.448 Thread 0x00007fecef126800 Exception <a 'java/lang/NoSuchMethodError'{0x00000007efcc3fb0}: 'int java.lang.invoke.DirectMethodHandle$Holder.invokeStaticInit(java.lang.Object, java.lang.Object)'> (0x00000007efcc3fb0) 
thrown [./src/hotspot/share/interpreter/linkResolver.cpp, line 782]
Event: 0.462 Thread 0x00007fecef126800 Exception <a 'java/lang/NoSuchMethodError'{0x00000007efbe1568}: 'java.lang.Object java.lang.invoke.DirectMethodHandle$Holder.invokeVirtual(java.lang.Object, java.lang.Object, java.lang.Object)'> (0x00000007efbe1568) 
thrown [./src/hotspot/share/interpreter/linkResolver.cpp, line 782]
Event: 0.470 Thread 0x00007fecef126800 Exception <a 'java/lang/NoSuchMethodError'{0x00000007efa971b0}: 'java.lang.Object java.lang.invoke.DirectMethodHandle$Holder.newInvokeSpecial(java.lang.Object, java.lang.Object, java.lang.Object, java.lang.Object, java.lang.Object, java.lang.Object, java.lang.Object)'> (0x00000007efa971b0) 
thrown [./src/hotspot/share/interpreter/linkResolver.cpp, line 782]
Event: 0.470 Thread 0x00007fecef126800 Exception <a 'java/lang/NoSuchMethodError'{0x00000007efa9bf68}: 'java.lang.Object java.lang.invoke.Invokers$Holder.linkToTargetMethod(java.lang.Object, java.lang.Object, java.lang.Object, java.lang.Object, java.lang.Object, java.lang.Object, java.lang.Object)'> (0x00000007efa9bf68) 
thrown [./src/hotspot/share/interpreter/linkResolver.cpp, line 782]
Event: 0.470 Thread 0x00007fecef126800 Exception <a 'java/lang/NoSuchMethodError'{0x00000007efaa2b70}: 'java.lang.Object java.lang.invoke.DirectMethodHandle$Holder.invokeInterface(java.lang.Object, java.lang.Object, java.lang.Object, java.lang.Object, java.lang.Object)'> (0x00000007efaa2b70) 
thrown [./src/hotspot/share/interpreter/linkResolver.cpp, line 782]
Event: 0.471 Thread 0x00007fecef126800 Exception <a 'java/lang/IncompatibleClassChangeError'{0x00000007efaa6b68}: Found class java.lang.Object, but interface was expected> (0x00000007efaa6b68) 
thrown [./src/hotspot/share/interpreter/linkResolver.cpp, line 848]
Event: 0.473 Thread 0x00007fecef126800 Exception <a 'java/lang/NoSuchMethodError'{0x00000007efae9988}: 'int java.lang.invoke.DirectMethodHandle$Holder.invokeInterface(java.lang.Object, java.lang.Object)'> (0x00000007efae9988) 
thrown [./src/hotspot/share/interpreter/linkResolver.cpp, line 782]

Events (20 events):
Event: 0.611 loading class sun/reflect/annotation/AnnotatedTypeFactory$AnnotatedParameterizedTypeImpl
Event: 0.611 loading class sun/reflect/annotation/AnnotatedTypeFactory$AnnotatedParameterizedTypeImpl done
Event: 0.611 loading class sun/reflect/annotation/AnnotatedTypeFactory$AnnotatedWildcardTypeImpl
Event: 0.611 loading class sun/reflect/annotation/AnnotatedTypeFactory$AnnotatedWildcardTypeImpl done
Event: 0.611 loading class sun/reflect/annotation/AnnotatedTypeFactory$AnnotatedTypeVariableImpl
Event: 0.611 loading class sun/reflect/annotation/AnnotatedTypeFactory$AnnotatedTypeVariableImpl done
Event: 0.611 loading class sun/reflect/annotation/AnnotatedTypeFactory$AnnotatedArrayTypeImpl
Event: 0.612 loading class sun/reflect/annotation/AnnotatedTypeFactory$AnnotatedArrayTypeImpl done
Event: 0.627 loading class sun/net/www/protocol/jrt/JavaRuntimeURLConnection
Event: 0.627 loading class sun/net/www/protocol/jrt/JavaRuntimeURLConnection done
Event: 0.627 loading class sun/net/www/protocol/jrt/JavaRuntimeURLConnection$1
Event: 0.628 loading class sun/net/www/protocol/jrt/JavaRuntimeURLConnection$1 done
Event: 0.628 loading class jdk/internal/jimage/ImageBufferCache
Event: 0.628 loading class jdk/internal/jimage/ImageBufferCache done
Event: 0.628 loading class jdk/internal/jimage/ImageBufferCache$1
Event: 0.628 loading class jdk/internal/jimage/ImageBufferCache$1 done
Event: 0.628 loading class jdk/internal/jimage/ImageBufferCache$2
Event: 0.628 loading class jdk/internal/jimage/ImageBufferCache$2 done
Event: 0.628 loading class jdk/internal/jimage/ImageBufferCache$BufferReference
Event: 0.628 loading class jdk/internal/jimage/ImageBufferCache$BufferReference done


Dynamic libraries:
0x00007fff6c60e000 	/usr/lib/libz.1.dylib
0x00000001088c9000 	/Users/yonghun/Library/Java/JavaVirtualMachines/azul-15.0.7/Contents/Home/lib/libjli.dylib
0x00007fff326df000 	/System/Library/Frameworks/Cocoa.framework/Versions/A/Cocoa
0x00007fff3fd0b000 	/System/Library/Frameworks/Security.framework/Versions/A/Security
0x00007fff31645000 	/System/Library/Frameworks/ApplicationServices.framework/Versions/A/ApplicationServices
0x00007fff6a0d0000 	/usr/lib/libSystem.B.dylib
0x00007fff6cecf000 	/usr/lib/system/libcache.dylib
0x00007fff6ced5000 	/usr/lib/system/libcommonCrypto.dylib
0x00007fff6cee1000 	/usr/lib/system/libcompiler_rt.dylib
0x00007fff6cee9000 	/usr/lib/system/libcopyfile.dylib
0x00007fff6cef3000 	/usr/lib/system/libcorecrypto.dylib
0x00007fff6d092000 	/usr/lib/system/libdispatch.dylib
0x00007fff6d0d3000 	/usr/lib/system/libdyld.dylib
0x00007fff6d10a000 	/usr/lib/system/libkeymgr.dylib
0x00007fff6d118000 	/usr/lib/system/liblaunch.dylib
0x00007fff6d119000 	/usr/lib/system/libmacho.dylib
0x00007fff6d11f000 	/usr/lib/system/libquarantine.dylib
0x00007fff6d122000 	/usr/lib/system/libremovefile.dylib
0x00007fff6d124000 	/usr/lib/system/libsystem_asl.dylib
0x00007fff6d13c000 	/usr/lib/system/libsystem_blocks.dylib
0x00007fff6d13d000 	/usr/lib/system/libsystem_c.dylib
0x00007fff6d1c5000 	/usr/lib/system/libsystem_configuration.dylib
0x00007fff6d1c9000 	/usr/lib/system/libsystem_coreservices.dylib
0x00007fff6d1cd000 	/usr/lib/system/libsystem_darwin.dylib
0x00007fff6d1d6000 	/usr/lib/system/libsystem_dnssd.dylib
0x00007fff6d1de000 	/usr/lib/system/libsystem_featureflags.dylib
0x00007fff6d1e0000 	/usr/lib/system/libsystem_info.dylib
0x00007fff6d25b000 	/usr/lib/system/libsystem_m.dylib
0x00007fff6d2a3000 	/usr/lib/system/libsystem_malloc.dylib
0x00007fff6d2cb000 	/usr/lib/system/libsystem_networkextension.dylib
0x00007fff6d2d9000 	/usr/lib/system/libsystem_notify.dylib
0x00007fff6d2f7000 	/usr/lib/system/libsystem_sandbox.dylib
0x00007fff6d2fc000 	/usr/lib/system/libsystem_secinit.dylib
0x00007fff6d22e000 	/usr/lib/system/libsystem_kernel.dylib
0x00007fff6d2e3000 	/usr/lib/system/libsystem_platform.dylib
0x00007fff6d2ec000 	/usr/lib/system/libsystem_pthread.dylib
0x00007fff6d2ff000 	/usr/lib/system/libsystem_symptoms.dylib
0x00007fff6d307000 	/usr/lib/system/libsystem_trace.dylib
0x00007fff6d31f000 	/usr/lib/system/libunwind.dylib
0x00007fff6d325000 	/usr/lib/system/libxpc.dylib
0x00007fff6bf32000 	/usr/lib/libobjc.A.dylib
0x00007fff6a409000 	/usr/lib/libc++abi.dylib
0x00007fff6a3b6000 	/usr/lib/libc++.1.dylib
0x00007fff33581000 	/System/Library/Frameworks/CoreFoundation.framework/Versions/A/CoreFoundation
0x00007fff35c42000 	/System/Library/Frameworks/Foundation.framework/Versions/C/Foundation
0x00007fff30837000 	/System/Library/Frameworks/AppKit.framework/Versions/C/AppKit
0x00007fff33063000 	/System/Library/Frameworks/CoreData.framework/Versions/A/CoreData
0x00007fff6432b000 	/System/Library/PrivateFrameworks/UIFoundation.framework/Versions/A/UIFoundation
0x00007fff5f3bf000 	/System/Library/PrivateFrameworks/RemoteViewServices.framework/Versions/A/RemoteViewServices
0x00007fff66c40000 	/System/Library/PrivateFrameworks/XCTTargetBootstrap.framework/Versions/A/XCTTargetBootstrap
0x00007fff3344e000 	/System/Library/Frameworks/CoreDisplay.framework/Versions/A/CoreDisplay
0x00007fff38afd000 	/System/Library/Frameworks/Metal.framework/Versions/A/Metal
0x00007fff4d3bb000 	/System/Library/PrivateFrameworks/DesktopServicesPriv.framework/Versions/A/DesktopServicesPriv
0x00007fff6b20d000 	/usr/lib/liblangid.dylib
0x00007fff4c650000 	/System/Library/PrivateFrameworks/CoreSVG.framework/Versions/A/CoreSVG
0x00007fff6251b000 	/System/Library/PrivateFrameworks/SkyLight.framework/Versions/A/SkyLight
0x00007fff33a04000 	/System/Library/Frameworks/CoreGraphics.framework/Versions/A/CoreGraphics
0x00007fff2f20b000 	/System/Library/Frameworks/Accelerate.framework/Versions/A/Accelerate
0x00007fff6c4ff000 	/usr/lib/libxml2.2.dylib
0x00007fff58348000 	/System/Library/PrivateFrameworks/IconServices.framework/Versions/A/IconServices
0x00007fff36421000 	/System/Library/Frameworks/IOSurface.framework/Versions/A/IOSurface
0x00007fff69bfa000 	/usr/lib/libDiagnosticMessagesClient.dylib
0x00007fff4d215000 	/System/Library/PrivateFrameworks/DFRFoundation.framework/Versions/A/DFRFoundation
0x00007fff6af9c000 	/usr/lib/libicucore.A.dylib
0x00007fff31977000 	/System/Library/Frameworks/AudioToolbox.framework/Versions/A/AudioToolbox
0x00007fff31a5a000 	/System/Library/Frameworks/AudioUnit.framework/Versions/A/AudioUnit
0x00007fff6a2d2000 	/usr/lib/libauto.dylib
0x00007fff4d2b7000 	/System/Library/PrivateFrameworks/DataDetectorsCore.framework/Versions/A/DataDetectorsCore
0x00007fff32200000 	/System/Library/Frameworks/Carbon.framework/Versions/A/Frameworks/HIToolbox.framework/Versions/A/HIToolbox
0x00007fff3ef04000 	/System/Library/Frameworks/QuartzCore.framework/Versions/A/QuartzCore
0x00007fff3253f000 	/System/Library/Frameworks/Carbon.framework/Versions/A/Frameworks/SpeechRecognition.framework/Versions/A/SpeechRecognition
0x00007fff4cd29000 	/System/Library/PrivateFrameworks/CoreUI.framework/Versions/A/CoreUI
0x00007fff32ace000 	/System/Library/Frameworks/CoreAudio.framework/Versions/A/CoreAudio
0x00007fff35900000 	/System/Library/Frameworks/DiskArbitration.framework/Versions/A/DiskArbitration
0x00007fff5a398000 	/System/Library/PrivateFrameworks/MultitouchSupport.framework/Versions/A/MultitouchSupport
0x00007fff6ae61000 	/usr/lib/libenergytrace.dylib
0x00007fff3637b000 	/System/Library/Frameworks/IOKit.framework/Versions/A/IOKit
0x00007fff3496b000 	/System/Library/Frameworks/CoreServices.framework/Versions/A/CoreServices
0x00007fff5c552000 	/System/Library/PrivateFrameworks/PerformanceAnalysis.framework/Versions/A/PerformanceAnalysis
0x00007fff3df37000 	/System/Library/Frameworks/OpenGL.framework/Versions/A/OpenGL
0x00007fff326ed000 	/System/Library/Frameworks/ColorSync.framework/Versions/A/ColorSync
0x00007fff34087000 	/System/Library/Frameworks/CoreImage.framework/Versions/A/CoreImage
0x00007fff353df000 	/System/Library/Frameworks/CoreText.framework/Versions/A/CoreText
0x00007fff364b1000 	/System/Library/Frameworks/ImageIO.framework/Versions/A/ImageIO
0x00007fff6a432000 	/usr/lib/libcompression.dylib
0x00007fff69f3e000 	/usr/lib/libMobileGestalt.dylib
0x00007fff64095000 	/System/Library/PrivateFrameworks/TextureIO.framework/Versions/A/TextureIO
0x00007fff6a235000 	/usr/lib/libate.dylib
0x00007fff58551000 	/System/Library/PrivateFrameworks/InternationalSupport.framework/Versions/A/InternationalSupport
0x00007fff6b20f000 	/usr/lib/liblzma.5.dylib
0x00007fff6ae8a000 	/usr/lib/libfakelink.dylib
0x00007fff6a1c2000 	/usr/lib/libarchive.2.dylib
0x00007fff40dbe000 	/System/Library/Frameworks/SystemConfiguration.framework/Versions/A/SystemConfiguration
0x00007fff69b2d000 	/usr/lib/libCRFSuite.dylib
0x00007fff31df1000 	/System/Library/Frameworks/CFNetwork.framework/Versions/A/CFNetwork
0x00007fff6a398000 	/usr/lib/libbsm.0.dylib
0x00007fff6d10b000 	/usr/lib/system/libkxld.dylib
0x00007fff46b78000 	/System/Library/PrivateFrameworks/AppleFSCompression.framework/Versions/A/AppleFSCompression
0x00007fff6a723000 	/usr/lib/libcoretls.dylib
0x00007fff6a73a000 	/usr/lib/libcoretls_cfhelpers.dylib
0x00007fff6bf78000 	/usr/lib/libpam.2.dylib
0x00007fff6c0ad000 	/usr/lib/libsqlite3.dylib
0x00007fff6c4ec000 	/usr/lib/libxar.1.dylib
0x00007fff6a3a9000 	/usr/lib/libbz2.1.0.dylib
0x00007fff6aeab000 	/usr/lib/libiconv.2.dylib
0x00007fff6a41f000 	/usr/lib/libcharset.1.dylib
0x00007fff6ba15000 	/usr/lib/libnetwork.dylib
0x00007fff6bf7f000 	/usr/lib/libpcap.A.dylib
0x00007fff6a177000 	/usr/lib/libapple_nghttp2.dylib
0x00007fff34d22000 	/System/Library/Frameworks/CoreServices.framework/Versions/A/Frameworks/FSEvents.framework/Versions/A/FSEvents
0x00007fff349f2000 	/System/Library/Frameworks/CoreServices.framework/Versions/A/Frameworks/CarbonCore.framework/Versions/A/CarbonCore
0x00007fff34f67000 	/System/Library/Frameworks/CoreServices.framework/Versions/A/Frameworks/Metadata.framework/Versions/A/Metadata
0x00007fff35000000 	/System/Library/Frameworks/CoreServices.framework/Versions/A/Frameworks/OSServices.framework/Versions/A/OSServices
0x00007fff3502e000 	/System/Library/Frameworks/CoreServices.framework/Versions/A/Frameworks/SearchKit.framework/Versions/A/SearchKit
0x00007fff3496c000 	/System/Library/Frameworks/CoreServices.framework/Versions/A/Frameworks/AE.framework/Versions/A/AE
0x00007fff34d2b000 	/System/Library/Frameworks/CoreServices.framework/Versions/A/Frameworks/LaunchServices.framework/Versions/A/LaunchServices
0x00007fff34cd4000 	/System/Library/Frameworks/CoreServices.framework/Versions/A/Frameworks/DictionaryServices.framework/Versions/A/DictionaryServices
0x00007fff35096000 	/System/Library/Frameworks/CoreServices.framework/Versions/A/Frameworks/SharedFileList.framework/Versions/A/SharedFileList
0x00007fff39d56000 	/System/Library/Frameworks/NetFS.framework/Versions/A/NetFS
0x00007fff5a8c8000 	/System/Library/PrivateFrameworks/NetAuth.framework/Versions/A/NetAuth
0x00007fff6700d000 	/System/Library/PrivateFrameworks/login.framework/Versions/A/Frameworks/loginsupport.framework/Versions/A/loginsupport
0x00007fff63b60000 	/System/Library/PrivateFrameworks/TCC.framework/Versions/A/TCC
0x00007fff4b7ad000 	/System/Library/PrivateFrameworks/CoreNLP.framework/Versions/A/CoreNLP
0x00007fff59dc5000 	/System/Library/PrivateFrameworks/MetadataUtilities.framework/Versions/A/MetadataUtilities
0x00007fff6b2e7000 	/usr/lib/libmecabra.dylib
0x00007fff6b23f000 	/usr/lib/libmecab.dylib
0x00007fff6ae9b000 	/usr/lib/libgermantok.dylib
0x00007fff6a15e000 	/usr/lib/libThaiTokenizer.dylib
0x00007fff69b64000 	/usr/lib/libChineseTokenizer.dylib
0x00007fff2f223000 	/System/Library/Frameworks/Accelerate.framework/Versions/A/Frameworks/vImage.framework/Versions/A/vImage
0x00007fff3068d000 	/System/Library/Frameworks/Accelerate.framework/Versions/A/Frameworks/vecLib.framework/Versions/A/vecLib
0x00007fff305ca000 	/System/Library/Frameworks/Accelerate.framework/Versions/A/Frameworks/vecLib.framework/Versions/A/libvMisc.dylib
0x00007fff303f2000 	/System/Library/Frameworks/Accelerate.framework/Versions/A/Frameworks/vecLib.framework/Versions/A/libvDSP.dylib
0x00007fff2f87a000 	/System/Library/Frameworks/Accelerate.framework/Versions/A/Frameworks/vecLib.framework/Versions/A/libBLAS.dylib
0x00007fff2ffb6000 	/System/Library/Frameworks/Accelerate.framework/Versions/A/Frameworks/vecLib.framework/Versions/A/libLAPACK.dylib
0x00007fff30352000 	/System/Library/Frameworks/Accelerate.framework/Versions/A/Frameworks/vecLib.framework/Versions/A/libLinearAlgebra.dylib
0x00007fff303df000 	/System/Library/Frameworks/Accelerate.framework/Versions/A/Frameworks/vecLib.framework/Versions/A/libSparseBLAS.dylib
0x00007fff30368000 	/System/Library/Frameworks/Accelerate.framework/Versions/A/Frameworks/vecLib.framework/Versions/A/libQuadrature.dylib
0x00007fff2fae2000 	/System/Library/Frameworks/Accelerate.framework/Versions/A/Frameworks/vecLib.framework/Versions/A/libBNNS.dylib
0x00007fff3036e000 	/System/Library/Frameworks/Accelerate.framework/Versions/A/Frameworks/vecLib.framework/Versions/A/libSparse.dylib
0x00007fff58939000 	/System/Library/PrivateFrameworks/LanguageModeling.framework/Versions/A/LanguageModeling
0x00007fff4b15c000 	/System/Library/PrivateFrameworks/CoreEmoji.framework/Versions/A/CoreEmoji
0x00007fff58a57000 	/System/Library/PrivateFrameworks/LinguisticData.framework/Versions/A/LinguisticData
0x00007fff58a08000 	/System/Library/PrivateFrameworks/Lexicon.framework/Versions/A/Lexicon
0x00007fff6a420000 	/usr/lib/libcmph.dylib
0x00007fff3c945000 	/System/Library/Frameworks/OpenDirectory.framework/Versions/A/Frameworks/CFOpenDirectory.framework/Versions/A/CFOpenDirectory
0x00007fff3c962000 	/System/Library/Frameworks/OpenDirectory.framework/Versions/A/OpenDirectory
0x00007fff44da8000 	/System/Library/PrivateFrameworks/APFS.framework/Versions/A/APFS
0x00007fff40057000 	/System/Library/Frameworks/SecurityFoundation.framework/Versions/A/SecurityFoundation
0x00007fff6c4e8000 	/usr/lib/libutil.dylib
0x00007fff4c6a8000 	/System/Library/PrivateFrameworks/CoreServicesStore.framework/Versions/A/CoreServicesStore
0x00007fff4010e000 	/System/Library/Frameworks/ServiceManagement.framework/Versions/A/ServiceManagement
0x00007fff4834a000 	/System/Library/PrivateFrameworks/BackgroundTaskManagement.framework/Versions/A/BackgroundTaskManagement
0x00007fff6c5e5000 	/usr/lib/libxslt.1.dylib
0x00007fff471ec000 	/System/Library/PrivateFrameworks/AppleSystemInfo.framework/Versions/A/AppleSystemInfo
0x00007fff366ce000 	/System/Library/Frameworks/ImageIO.framework/Versions/A/Resources/libJPEG.dylib
0x00007fff3698b000 	/System/Library/Frameworks/ImageIO.framework/Versions/A/Resources/libTIFF.dylib
0x00007fff3696e000 	/System/Library/Frameworks/ImageIO.framework/Versions/A/Resources/libPng.dylib
0x00007fff36610000 	/System/Library/Frameworks/ImageIO.framework/Versions/A/Resources/libGIF.dylib
0x00007fff36614000 	/System/Library/Frameworks/ImageIO.framework/Versions/A/Resources/libJP2.dylib
0x00007fff36989000 	/System/Library/Frameworks/ImageIO.framework/Versions/A/Resources/libRadiance.dylib
0x00007fff6ae62000 	/usr/lib/libexpat.1.dylib
0x00007fff46cd3000 	/System/Library/PrivateFrameworks/AppleJPEG.framework/Versions/A/AppleJPEG
0x00007fff4f9a8000 	/System/Library/PrivateFrameworks/FontServices.framework/libFontParser.dylib
0x00007fff6600f000 	/System/Library/PrivateFrameworks/WatchdogClient.framework/Versions/A/WatchdogClient
0x00007fff57f94000 	/System/Library/PrivateFrameworks/IOAccelerator.framework/Versions/A/IOAccelerator
0x00007fff38e98000 	/System/Library/Frameworks/MetalPerformanceShaders.framework/Versions/A/MetalPerformanceShaders
0x00007fff54724000 	/System/Library/PrivateFrameworks/GPUWrangler.framework/Versions/A/GPUWrangler
0x00007fff57fa9000 	/System/Library/PrivateFrameworks/IOPresentment.framework/Versions/A/IOPresentment
0x00007fff4d228000 	/System/Library/PrivateFrameworks/DSExternalDisplay.framework/Versions/A/DSExternalDisplay
0x00007fff3d2d6000 	/System/Library/Frameworks/OpenGL.framework/Versions/A/Libraries/libCoreFSCache.dylib
0x00007fff38be4000 	/System/Library/Frameworks/MetalPerformanceShaders.framework/Frameworks/MPSCore.framework/Versions/A/MPSCore
0x00007fff38c22000 	/System/Library/Frameworks/MetalPerformanceShaders.framework/Frameworks/MPSImage.framework/Versions/A/MPSImage
0x00007fff38ce9000 	/System/Library/Frameworks/MetalPerformanceShaders.framework/Frameworks/MPSNeuralNetwork.framework/Versions/A/MPSNeuralNetwork
0x00007fff38cad000 	/System/Library/Frameworks/MetalPerformanceShaders.framework/Frameworks/MPSMatrix.framework/Versions/A/MPSMatrix
0x00007fff38e48000 	/System/Library/Frameworks/MetalPerformanceShaders.framework/Frameworks/MPSRayIntersector.framework/Versions/A/MPSRayIntersector
0x00007fff38cd3000 	/System/Library/Frameworks/MetalPerformanceShaders.framework/Frameworks/MPSNDArray.framework/Versions/A/MPSNDArray
0x00007fff59e12000 	/System/Library/PrivateFrameworks/MetalTools.framework/Versions/A/MetalTools
0x00007fff45f82000 	/System/Library/PrivateFrameworks/AggregateDictionary.framework/Versions/A/AggregateDictionary
0x00007fff4aba4000 	/System/Library/PrivateFrameworks/CoreAnalytics.framework/Versions/A/CoreAnalytics
0x00007fff4710a000 	/System/Library/PrivateFrameworks/AppleSauce.framework/Versions/A/AppleSauce
0x00007fff69e20000 	/usr/lib/libIOReport.dylib
0x00007fff35597000 	/System/Library/Frameworks/CoreVideo.framework/Versions/A/CoreVideo
0x00007fff55b9d000 	/System/Library/PrivateFrameworks/GraphVisualizer.framework/Versions/A/GraphVisualizer
0x00007fff4eeee000 	/System/Library/PrivateFrameworks/FaceCore.framework/Versions/A/FaceCore
0x00007fff3c8ec000 	/System/Library/Frameworks/OpenCL.framework/Versions/A/OpenCL
0x00007fff69c42000 	/usr/lib/libFosl_dynamic.dylib
0x00007fff5b2ea000 	/System/Library/PrivateFrameworks/OTSVG.framework/Versions/A/OTSVG
0x00007fff3174a000 	/System/Library/Frameworks/ApplicationServices.framework/Versions/A/Frameworks/ATS.framework/Versions/A/Resources/libFontRegistry.dylib
0x00007fff4fb78000 	/System/Library/PrivateFrameworks/FontServices.framework/libhvf.dylib
0x00007fff3d2e1000 	/System/Library/Frameworks/OpenGL.framework/Versions/A/Libraries/libGFXShared.dylib
0x00007fff3d4bf000 	/System/Library/Frameworks/OpenGL.framework/Versions/A/Libraries/libGLU.dylib
0x00007fff3d2ea000 	/System/Library/Frameworks/OpenGL.framework/Versions/A/Libraries/libGL.dylib
0x00007fff3d2f5000 	/System/Library/Frameworks/OpenGL.framework/Versions/A/Libraries/libGLImage.dylib
0x00007fff3d2d3000 	/System/Library/Frameworks/OpenGL.framework/Versions/A/Libraries/libCVMSPluginSupport.dylib
0x00007fff3d2dc000 	/System/Library/Frameworks/OpenGL.framework/Versions/A/Libraries/libCoreVMClient.dylib
0x00007fff6b8b6000 	/usr/lib/libncurses.5.4.dylib
0x00007fff31646000 	/System/Library/Frameworks/ApplicationServices.framework/Versions/A/Frameworks/ATS.framework/Versions/A/ATS
0x00007fff31813000 	/System/Library/Frameworks/ApplicationServices.framework/Versions/A/Frameworks/ColorSyncLegacy.framework/Versions/A/ColorSyncLegacy
0x00007fff318b1000 	/System/Library/Frameworks/ApplicationServices.framework/Versions/A/Frameworks/HIServices.framework/Versions/A/HIServices
0x00007fff31909000 	/System/Library/Frameworks/ApplicationServices.framework/Versions/A/Frameworks/LangAnalysis.framework/Versions/A/LangAnalysis
0x00007fff31918000 	/System/Library/Frameworks/ApplicationServices.framework/Versions/A/Frameworks/PrintCore.framework/Versions/A/PrintCore
0x00007fff3195e000 	/System/Library/Frameworks/ApplicationServices.framework/Versions/A/Frameworks/QD.framework/Versions/A/QD
0x00007fff31969000 	/System/Library/Frameworks/ApplicationServices.framework/Versions/A/Frameworks/SpeechSynthesis.framework/Versions/A/SpeechSynthesis
0x00007fff317e3000 	/System/Library/Frameworks/ApplicationServices.framework/Versions/A/Frameworks/ATSUI.framework/Versions/A/ATSUI
0x00007fff6acf8000 	/usr/lib/libcups.2.dylib
0x00007fff37f33000 	/System/Library/Frameworks/Kerberos.framework/Versions/A/Kerberos
0x00007fff36074000 	/System/Library/Frameworks/GSS.framework/Versions/A/GSS
0x00007fff6c039000 	/usr/lib/libresolv.9.dylib
0x00007fff55d4a000 	/System/Library/PrivateFrameworks/Heimdal.framework/Versions/A/Heimdal
0x00007fff37f46000 	/System/Library/Frameworks/Kerberos.framework/Versions/A/Libraries/libHeimdalProxy.dylib
0x00007fff6aea1000 	/usr/lib/libheimdal-asn1.dylib
0x00007fff4a03c000 	/System/Library/PrivateFrameworks/CommonAuth.framework/Versions/A/CommonAuth
0x00007fff47289000 	/System/Library/PrivateFrameworks/AssertionServices.framework/Versions/A/AssertionServices
0x00007fff47e2c000 	/System/Library/PrivateFrameworks/AudioToolboxCore.framework/Versions/A/AudioToolboxCore
0x00007fff66cbd000 	/System/Library/PrivateFrameworks/caulk.framework/Versions/A/caulk
0x00007fff483f6000 	/System/Library/PrivateFrameworks/BaseBoard.framework/Versions/A/BaseBoard
0x00007fff5f54d000 	/System/Library/PrivateFrameworks/RunningBoardServices.framework/Versions/A/RunningBoardServices
0x00007fff5c55e000 	/System/Library/PrivateFrameworks/PersistentConnection.framework/Versions/A/PersistentConnection
0x00007fff5ef46000 	/System/Library/PrivateFrameworks/ProtocolBuffer.framework/Versions/A/ProtocolBuffer
0x00007fff4a060000 	/System/Library/PrivateFrameworks/CommonUtilities.framework/Versions/A/CommonUtilities
0x00007fff48584000 	/System/Library/PrivateFrameworks/Bom.framework/Versions/A/Bom
0x00007fff69af3000 	/usr/lib/libAudioToolboxUtility.dylib
0x00007fff48354000 	/System/Library/PrivateFrameworks/Backup.framework/Versions/A/Backup
0x00007fff4d149000 	/System/Library/PrivateFrameworks/CrashReporterSupport.framework/Versions/A/CrashReporterSupport
0x00007fff60fdf000 	/System/Library/PrivateFrameworks/Sharing.framework/Versions/A/Sharing
0x00007fff46896000 	/System/Library/PrivateFrameworks/Apple80211.framework/Versions/A/Apple80211
0x00007fff48071000 	/System/Library/PrivateFrameworks/AuthKit.framework/Versions/A/AuthKit
0x00007fff4ce56000 	/System/Library/PrivateFrameworks/CoreUtils.framework/Versions/A/CoreUtils
0x00007fff355dc000 	/System/Library/Frameworks/CoreWLAN.framework/Versions/A/CoreWLAN
0x00007fff36201000 	/System/Library/Frameworks/IOBluetooth.framework/Versions/A/IOBluetooth
0x00007fff5a117000 	/System/Library/PrivateFrameworks/MobileKeyBag.framework/Versions/A/MobileKeyBag
0x00007fff4bc45000 	/System/Library/PrivateFrameworks/CorePhoneNumbers.framework/Versions/A/CorePhoneNumbers
0x00007fff46c86000 	/System/Library/PrivateFrameworks/AppleIDAuthSupport.framework/Versions/A/AppleIDAuthSupport
0x00007fff39d63000 	/System/Library/Frameworks/Network.framework/Versions/A/Network
0x00007fff587e5000 	/System/Library/PrivateFrameworks/KeychainCircle.framework/Versions/A/KeychainCircle
0x00007fff3302a000 	/System/Library/Frameworks/CoreBluetooth.framework/Versions/A/CoreBluetooth
0x00007fff6305e000 	/System/Library/PrivateFrameworks/SpeechRecognitionCore.framework/Versions/A/SpeechRecognitionCore
0x00007fff26625000 	/System/Library/CoreServices/Encodings/libKoreanConverter.dylib
0x000000010a200000 	/Users/yonghun/Library/Java/JavaVirtualMachines/azul-15.0.7/Contents/Home/lib/server/libjvm.dylib
0x00000001088f4000 	/Users/yonghun/Library/Java/JavaVirtualMachines/azul-15.0.7/Contents/Home/lib/libjimage.dylib
0x000000010894a000 	/Users/yonghun/Library/Java/JavaVirtualMachines/azul-15.0.7/Contents/Home/lib/libjava.dylib
0x00000001089b2000 	/Users/yonghun/Library/Java/JavaVirtualMachines/azul-15.0.7/Contents/Home/lib/libnio.dylib
0x00000001089c6000 	/Users/yonghun/Library/Java/JavaVirtualMachines/azul-15.0.7/Contents/Home/lib/libnet.dylib
0x00000001089e0000 	/Users/yonghun/Library/Java/JavaVirtualMachines/azul-15.0.7/Contents/Home/lib/libzip.dylib
0x00000001089ee000 	/Users/yonghun/Library/Java/JavaVirtualMachines/azul-15.0.7/Contents/Home/lib/libverify.dylib
0x000000010cf90000 	/Users/yonghun/Library/Java/JavaVirtualMachines/azul-15.0.7/Contents/Home/lib/libextnet.dylib


VM Arguments:
jvm_args: -Dorg.gradle.native=false -Xmx512m -Dfile.encoding=UTF-8 -Duser.country=KR -Duser.language=ko -Duser.variant -ea 
java_command: worker.org.gradle.process.internal.worker.GradleWorkerMain 'Gradle Test Executor 11'
java_class_path (initial): /Users/yonghun/.gradle/caches/6.8.1/workerMain/gradle-worker.jar:/Users/yonghun/study/java-bowling/build/classes/java/test:/Users/yonghun/study/java-bowling/build/resources/test:/Users/yonghun/study/java-bowling/build/classes/java/main:/Users/yonghun/study/java-bowling/build/resources/main:/Users/yonghun/.gradle/caches/modules-2/files-2.1/org.springframework.boot/spring-boot-starter-data-jpa/2.6.4/f12f4ceb6765c1ab892a6bc72dad5aaad670a87f/spring-boot-starter-data-jpa-2.6.4.jar:/Users/yonghun/.gradle/caches/modules-2/files-2.1/com.h2database/h2/1.4.200/f7533fe7cb8e99c87a43d325a77b4b678ad9031a/h2-1.4.200.jar:/Users/yonghun/.gradle/caches/modules-2/files-2.1/org.springframework.boot/spring-boot-starter-test/2.6.4/4befb5f23c4bac74125d1c9e4f3721586b315d3a/spring-boot-starter-test-2.6.4.jar:/Users/yonghun/.gradle/caches/modules-2/files-2.1/org.assertj/assertj-core/3.22.0/c300c0c6a24559f35fa0bd3a5472dc1edcd0111e/assertj-core-3.22.0.jar:/Users/yonghun/.gradle/caches/modules-2/files-2.1/org.springframework.boot/spring-boot-starter-aop/2.6.4/13e3695074a176ca4e22543b084943e5932b3b5f/spring-boot-starter-aop-2.6.4.jar:/Users/yonghun/.gradle/caches/modules-2/files-2.1/org.springframework.boot/spring-boot-starter-jdbc/2.6.4/19047bf41d1f01a3b5e82f90ac77dceefadda943/spring-boot-starter-jdbc-2.6.4.jar:/Users/yonghun/.gradle/caches/modules-2/files-2.1/jakarta.transaction/jakarta.transaction-api/1.3.3/c4179d48720a1e87202115fbed6089bdc4195405/jakarta.transaction-api-1.3.3.jar:/Users/yonghun/.gradle/caches/modules-2/files-2.1/jakarta.persistence/jakarta.persistence-api/2.2.3/8f6ea5daedc614f07a3654a455660145286f024e/jakarta.persistence-api-2.2.3.jar:/Users/yonghun/.gradle/caches/modules-2/files-2.1/org.hibernate/hibernate-core/5.6.5.Final/d5c41d9018d16ca6076726f0f037ba8a0ebc0cb4/hibernate-core-5.6.5.Final.jar:/Users/yonghun/.gradle/caches/modules-2/files-2.1/org.springframework.data/spring-data-jpa/2.6.2/aa7da518dee4b20433c7e055ef5f2cda584f412f/spring-data-jpa-
Launcher Type: SUN_STANDARD

[Global flags]
     intx CICompilerCount                          = 4                                         {product} {ergonomic}
     uint ConcGCThreads                            = 3                                         {product} {ergonomic}
     uint G1ConcRefinementThreads                  = 10                                        {product} {ergonomic}
   size_t G1HeapRegionSize                         = 1048576                                   {product} {ergonomic}
    uintx GCDrainStackTargetSize                   = 64                                        {product} {ergonomic}
   size_t InitialHeapSize                          = 268435456                                 {product} {ergonomic}
   size_t MarkStackSize                            = 4194304                                   {product} {ergonomic}
   size_t MaxHeapSize                              = 536870912                                 {product} {command line}
   size_t MaxNewSize                               = 321912832                                 {product} {ergonomic}
   size_t MinHeapDeltaBytes                        = 1048576                                   {product} {ergonomic}
   size_t MinHeapSize                              = 8388608                                   {product} {ergonomic}
    uintx NonNMethodCodeHeapSize                   = 5839372                                {pd product} {ergonomic}
    uintx NonProfiledCodeHeapSize                  = 122909434                              {pd product} {ergonomic}
    uintx ProfiledCodeHeapSize                     = 122909434                              {pd product} {ergonomic}
    uintx ReservedCodeCacheSize                    = 251658240                              {pd product} {ergonomic}
     bool SegmentedCodeCache                       = true                                      {product} {ergonomic}
   size_t SoftMaxHeapSize                          = 536870912                              {manageable} {ergonomic}
     bool UseCompressedClassPointers               = true                                 {lp64_product} {ergonomic}
     bool UseCompressedOops                        = true                                 {lp64_product} {ergonomic}
     bool UseG1GC                                  = true                                      {product} {ergonomic}
     bool UseNUMA                                  = false                                     {product} {ergonomic}
     bool UseNUMAInterleaving                      = false                                     {product} {ergonomic}

Logging:
Log output configuration:
 #0: stdout all=warning uptime,level,tags
 #1: stderr all=off uptime,level,tags

Environment Variables:
PATH=/usr/local/bin:/usr/bin:/bin:/usr/sbin:/sbin
SHELL=/bin/zsh
LC_CTYPE=ko_KR.UTF-8

Signal Handlers:
SIGSEGV: [libjvm.dylib+0xa8e450], sa_mask[0]=11111111011111110111111111111111, sa_flags=SA_ONSTACK|SA_RESTART|SA_SIGINFO
SIGBUS: [libjvm.dylib+0xa8e450], sa_mask[0]=11111111011111110111111111111111, sa_flags=SA_RESTART|SA_SIGINFO
SIGFPE: [libjvm.dylib+0xa8e450], sa_mask[0]=11111111011111110111111111111111, sa_flags=SA_RESTART|SA_SIGINFO
SIGPIPE: [libjvm.dylib+0x8490d0], sa_mask[0]=11111111011111110111111111111111, sa_flags=SA_RESTART|SA_SIGINFO
SIGXFSZ: [libjvm.dylib+0x8490d0], sa_mask[0]=11111111011111110111111111111111, sa_flags=SA_RESTART|SA_SIGINFO
SIGILL: [libjvm.dylib+0xa8e450], sa_mask[0]=11111111011111110111111111111111, sa_flags=SA_RESTART|SA_SIGINFO
SIGUSR2: [libjvm.dylib+0x849be0], sa_mask[0]=00100000000000000000000000000000, sa_flags=SA_RESTART|SA_SIGINFO
SIGHUP: [libjvm.dylib+0x8482e0], sa_mask[0]=11111111011111110111111111111111, sa_flags=SA_RESTART|SA_SIGINFO
SIGINT: [libjvm.dylib+0x8482e0], sa_mask[0]=11111111011111110111111111111111, sa_flags=SA_RESTART|SA_SIGINFO
SIGTERM: [libjvm.dylib+0x8482e0], sa_mask[0]=11111111011111110111111111111111, sa_flags=SA_RESTART|SA_SIGINFO
SIGQUIT: [libjvm.dylib+0x8482e0], sa_mask[0]=11111111011111110111111111111111, sa_flags=SA_RESTART|SA_SIGINFO


---------------  S Y S T E M  ---------------

OS:uname: Darwin 19.6.0 Darwin Kernel Version 19.6.0: Tue Feb 15 21:39:11 PST 2022; root:xnu-6153.141.59~1/RELEASE_X86_64 x86_64
OS uptime: 0 days 13:45 hours
rlimit (soft/hard): STACK 8192k/65532k , CORE 0k/infinity , NPROC 2784/4176 , NOFILE 10240/infinity , AS infinity/infinity , CPU infinity/infinity , DATA infinity/infinity , FSIZE infinity/infinity , MEMLOCK infinity/infinity , RSS infinity/infinity
load average: 2.81 2.18 1.97

CPU: total 12 (initial active 12) (6 cores per cpu, 2 threads per core) family 6 model 158 stepping 10 microcode 0xec, cmov, cx8, fxsr, mmx, sse, sse2, sse3, ssse3, sse4.1, sse4.2, popcnt, vzeroupper, avx, avx2, aes, clmul, erms, 3dnowpref, lzcnt, ht, tsc, tscinvbit, bmi1, bmi2, adx, fma, clflush, clflushopt

Memory: 4k page, physical 16777216k(249128k free), swap 0k(0k free)

vm_info: OpenJDK 64-Bit Server VM (15.0.7+4-MTS) for bsd-amd64 JRE (15.0.7+4-MTS) (Zulu15.40+19-CA), built on Apr 16 2022 08:36:19 by "zulu_re" with clang 4.2.1 Compatible Apple LLVM 11.0.0 (clang-1100.0.33.17)

END.
